{"/home/jarod/Bureau/frontend-datashare/src/app/core/guards/auth.guard.ts": {"path":"/home/jarod/Bureau/frontend-datashare/src/app/core/guards/auth.guard.ts","statementMap":{"0":{"start":{"line":12,"column":40},"end":{"line":22,"column":null}},"1":{"start":{"line":13,"column":8},"end":{"line":13,"column":null}},"2":{"start":{"line":14,"column":16},"end":{"line":14,"column":null}},"3":{"start":{"line":16,"column":2},"end":{"line":18,"column":null}},"4":{"start":{"line":17,"column":4},"end":{"line":17,"column":null}},"5":{"start":{"line":20,"column":2},"end":{"line":20,"column":null}},"6":{"start":{"line":21,"column":2},"end":{"line":21,"column":null}}},"fnMap":{"0":{"name":"(anonymous_0)","decl":{"start":{"line":12,"column":40},"end":{"line":12,"column":41}},"loc":{"start":{"line":12,"column":57},"end":{"line":22,"column":null}},"line":12}},"branchMap":{"0":{"loc":{"start":{"line":16,"column":2},"end":{"line":18,"column":null}},"type":"if","locations":[{"start":{"line":16,"column":2},"end":{"line":18,"column":null}},{"start":{},"end":{}}],"line":16}},"s":{"0":1,"1":2,"2":2,"3":2,"4":1,"5":1,"6":1},"f":{"0":2},"b":{"0":[1,1]},"meta":{"lastBranch":1,"lastFunction":1,"lastStatement":7,"seen":{"s:12:40:22:Infinity":0,"f:12:40:12:41":0,"s:13:8:13:Infinity":1,"s:14:16:14:Infinity":2,"b:16:2:18:Infinity:undefined:undefined:undefined:undefined":0,"s:16:2:18:Infinity":3,"s:17:4:17:Infinity":4,"s:20:2:20:Infinity":5,"s:21:2:21:Infinity":6}}}
,"/home/jarod/Bureau/frontend-datashare/src/app/core/interceptors/auth.interceptor.ts": {"path":"/home/jarod/Bureau/frontend-datashare/src/app/core/interceptors/auth.interceptor.ts","statementMap":{"0":{"start":{"line":8,"column":50},"end":{"line":23,"column":null}},"1":{"start":{"line":9,"column":16},"end":{"line":9,"column":null}},"2":{"start":{"line":10,"column":2},"end":{"line":10,"column":null}},"3":{"start":{"line":11,"column":2},"end":{"line":11,"column":null}},"4":{"start":{"line":13,"column":2},"end":{"line":19,"column":null}},"5":{"start":{"line":14,"column":22},"end":{"line":16,"column":null}},"6":{"start":{"line":17,"column":4},"end":{"line":17,"column":null}},"7":{"start":{"line":18,"column":4},"end":{"line":18,"column":null}},"8":{"start":{"line":21,"column":2},"end":{"line":21,"column":null}},"9":{"start":{"line":22,"column":2},"end":{"line":22,"column":null}}},"fnMap":{"0":{"name":"(anonymous_0)","decl":{"start":{"line":8,"column":50},"end":{"line":8,"column":51}},"loc":{"start":{"line":8,"column":64},"end":{"line":23,"column":null}},"line":8}},"branchMap":{"0":{"loc":{"start":{"line":13,"column":2},"end":{"line":19,"column":null}},"type":"if","locations":[{"start":{"line":13,"column":2},"end":{"line":19,"column":null}},{"start":{},"end":{}}],"line":13}},"s":{"0":1,"1":2,"2":2,"3":2,"4":2,"5":1,"6":1,"7":1,"8":1,"9":1},"f":{"0":2},"b":{"0":[1,1]},"meta":{"lastBranch":1,"lastFunction":1,"lastStatement":10,"seen":{"s:8:50:23:Infinity":0,"f:8:50:8:51":0,"s:9:16:9:Infinity":1,"s:10:2:10:Infinity":2,"s:11:2:11:Infinity":3,"b:13:2:19:Infinity:undefined:undefined:undefined:undefined":0,"s:13:2:19:Infinity":4,"s:14:22:16:Infinity":5,"s:17:4:17:Infinity":6,"s:18:4:18:Infinity":7,"s:21:2:21:Infinity":8,"s:22:2:22:Infinity":9}}}
,"/home/jarod/Bureau/frontend-datashare/src/app/core/service/auth.service.ts": {"path":"/home/jarod/Bureau/frontend-datashare/src/app/core/service/auth.service.ts","statementMap":{"0":{"start":{"line":11,"column":6},"end":{"line":9,"column":null}},"1":{"start":{"line":13,"column":19},"end":{"line":13,"column":null}},"2":{"start":{"line":11,"column":13},"end":{"line":9,"column":null}},"3":{"start":{"line":15,"column":22},"end":{"line":15,"column":44}},"4":{"start":{"line":18,"column":4},"end":{"line":18,"column":null}},"5":{"start":{"line":22,"column":4},"end":{"line":23,"column":null}},"6":{"start":{"line":23,"column":19},"end":{"line":23,"column":55}},"7":{"start":{"line":28,"column":4},"end":{"line":28,"column":null}},"8":{"start":{"line":32,"column":4},"end":{"line":32,"column":null}},"9":{"start":{"line":36,"column":4},"end":{"line":36,"column":null}},"10":{"start":{"line":11,"column":13},"end":{"line":11,"column":null}},"11":{"start":{"line":11,"column":13},"end":{"line":10,"column":null}}},"fnMap":{"0":{"name":"constructor","decl":{"start":{"line":15,"column":2},"end":{"line":15,"column":22}},"loc":{"start":{"line":15,"column":44},"end":{"line":15,"column":null}},"line":15},"1":{"name":"register","decl":{"start":{"line":17,"column":2},"end":{"line":17,"column":11}},"loc":{"start":{"line":17,"column":32},"end":{"line":19,"column":null}},"line":17},"2":{"name":"login","decl":{"start":{"line":21,"column":2},"end":{"line":21,"column":8}},"loc":{"start":{"line":21,"column":26},"end":{"line":25,"column":null}},"line":21},"3":{"name":"(anonymous_3)","decl":{"start":{"line":23,"column":10},"end":{"line":23,"column":19}},"loc":{"start":{"line":23,"column":19},"end":{"line":23,"column":55}},"line":23},"4":{"name":"logout","decl":{"start":{"line":27,"column":2},"end":{"line":27,"column":8}},"loc":{"start":{"line":27,"column":8},"end":{"line":29,"column":null}},"line":27},"5":{"name":"getToken","decl":{"start":{"line":31,"column":2},"end":{"line":31,"column":10}},"loc":{"start":{"line":31,"column":10},"end":{"line":33,"column":null}},"line":31},"6":{"name":"isLoggedIn","decl":{"start":{"line":35,"column":2},"end":{"line":35,"column":12}},"loc":{"start":{"line":35,"column":12},"end":{"line":37,"column":null}},"line":35}},"branchMap":{"0":{"loc":{"start":{"line":11,"column":13},"end":{"line":11,"column":24}},"type":"binary-expr","locations":[{"start":{"line":11,"column":13},"end":{"line":11,"column":24}},{"start":{"line":11,"column":13},"end":{"line":11,"column":24}}],"line":11},"1":{"loc":{"start":{"line":11,"column":13},"end":{"line":10,"column":null}},"type":"binary-expr","locations":[{"start":{"line":11,"column":13},"end":{"line":11,"column":24}},{"start":{"line":11,"column":13},"end":{"line":11,"column":24}},{"start":{"line":11,"column":13},"end":{"line":10,"column":null}}],"line":11}},"s":{"0":2,"1":14,"2":2,"3":14,"4":3,"5":0,"6":0,"7":0,"8":5,"9":5,"10":14,"11":2},"f":{"0":14,"1":3,"2":0,"3":0,"4":0,"5":5,"6":5},"b":{"0":[14,14],"1":[2,2,2]},"meta":{"lastBranch":2,"lastFunction":7,"lastStatement":12,"seen":{"s:11:6:9:Infinity":0,"s:13:19:13:Infinity":1,"s:11:13:9:Infinity":2,"f:15:2:15:22":0,"s:15:22:15:44":3,"f:17:2:17:11":1,"s:18:4:18:Infinity":4,"f:21:2:21:8":2,"s:22:4:23:Infinity":5,"f:23:10:23:19":3,"s:23:19:23:55":6,"f:27:2:27:8":4,"s:28:4:28:Infinity":7,"f:31:2:31:10":5,"s:32:4:32:Infinity":8,"f:35:2:35:12":6,"s:36:4:36:Infinity":9,"s:11:13:11:Infinity":10,"b:11:13:11:24:11:13:11:24":0,"s:11:13:10:Infinity":11,"b:11:13:11:24:11:13:11:24:11:13:10:Infinity":1}}}
,"/home/jarod/Bureau/frontend-datashare/src/app/core/service/file.service.ts": {"path":"/home/jarod/Bureau/frontend-datashare/src/app/core/service/file.service.ts","statementMap":{"0":{"start":{"line":9,"column":6},"end":{"line":7,"column":null}},"1":{"start":{"line":11,"column":19},"end":{"line":11,"column":null}},"2":{"start":{"line":9,"column":13},"end":{"line":7,"column":null}},"3":{"start":{"line":13,"column":22},"end":{"line":13,"column":38}},"4":{"start":{"line":16,"column":21},"end":{"line":16,"column":null}},"5":{"start":{"line":17,"column":4},"end":{"line":17,"column":null}},"6":{"start":{"line":18,"column":4},"end":{"line":18,"column":null}},"7":{"start":{"line":19,"column":4},"end":{"line":19,"column":null}},"8":{"start":{"line":23,"column":4},"end":{"line":23,"column":null}},"9":{"start":{"line":27,"column":4},"end":{"line":27,"column":null}},"10":{"start":{"line":31,"column":4},"end":{"line":31,"column":null}},"11":{"start":{"line":35,"column":4},"end":{"line":35,"column":null}},"12":{"start":{"line":9,"column":13},"end":{"line":9,"column":null}},"13":{"start":{"line":9,"column":13},"end":{"line":8,"column":null}}},"fnMap":{"0":{"name":"constructor","decl":{"start":{"line":13,"column":2},"end":{"line":13,"column":22}},"loc":{"start":{"line":13,"column":38},"end":{"line":13,"column":null}},"line":13},"1":{"name":"uploadFile","decl":{"start":{"line":15,"column":2},"end":{"line":15,"column":13}},"loc":{"start":{"line":15,"column":90},"end":{"line":20,"column":null}},"line":15},"2":{"name":"getFileByToken","decl":{"start":{"line":22,"column":2},"end":{"line":22,"column":17}},"loc":{"start":{"line":22,"column":30},"end":{"line":24,"column":null}},"line":22},"3":{"name":"getDownloadUrl","decl":{"start":{"line":26,"column":2},"end":{"line":26,"column":17}},"loc":{"start":{"line":26,"column":30},"end":{"line":28,"column":null}},"line":26},"4":{"name":"getFiles","decl":{"start":{"line":30,"column":2},"end":{"line":30,"column":10}},"loc":{"start":{"line":30,"column":10},"end":{"line":32,"column":null}},"line":30},"5":{"name":"deleteFile","decl":{"start":{"line":34,"column":2},"end":{"line":34,"column":13}},"loc":{"start":{"line":34,"column":23},"end":{"line":36,"column":null}},"line":34}},"branchMap":{"0":{"loc":{"start":{"line":9,"column":13},"end":{"line":9,"column":24}},"type":"binary-expr","locations":[{"start":{"line":9,"column":13},"end":{"line":9,"column":24}},{"start":{"line":9,"column":13},"end":{"line":9,"column":24}}],"line":9},"1":{"loc":{"start":{"line":9,"column":13},"end":{"line":8,"column":null}},"type":"binary-expr","locations":[{"start":{"line":9,"column":13},"end":{"line":9,"column":24}},{"start":{"line":9,"column":13},"end":{"line":9,"column":24}},{"start":{"line":9,"column":13},"end":{"line":8,"column":null}}],"line":9}},"s":{"0":2,"1":7,"2":2,"3":7,"4":2,"5":2,"6":2,"7":2,"8":1,"9":0,"10":1,"11":2,"12":7,"13":2},"f":{"0":7,"1":2,"2":1,"3":0,"4":1,"5":2},"b":{"0":[7,7],"1":[2,2,2]},"meta":{"lastBranch":2,"lastFunction":6,"lastStatement":14,"seen":{"s:9:6:7:Infinity":0,"s:11:19:11:Infinity":1,"s:9:13:7:Infinity":2,"f:13:2:13:22":0,"s:13:22:13:38":3,"f:15:2:15:13":1,"s:16:21:16:Infinity":4,"s:17:4:17:Infinity":5,"s:18:4:18:Infinity":6,"s:19:4:19:Infinity":7,"f:22:2:22:17":2,"s:23:4:23:Infinity":8,"f:26:2:26:17":3,"s:27:4:27:Infinity":9,"f:30:2:30:10":4,"s:31:4:31:Infinity":10,"f:34:2:34:13":5,"s:35:4:35:Infinity":11,"s:9:13:9:Infinity":12,"b:9:13:9:24:9:13:9:24":0,"s:9:13:8:Infinity":13,"b:9:13:9:24:9:13:9:24:9:13:8:Infinity":1}}}
,"/home/jarod/Bureau/frontend-datashare/src/app/pages/download/download.html": {"path":"/home/jarod/Bureau/frontend-datashare/src/app/pages/download/download.html","statementMap":{"0":{"start":{"line":12,"column":6},"end":{"line":12,"column":null}},"1":{"start":{"line":13,"column":31},"end":{"line":13,"column":53}},"2":{"start":{"line":13,"column":53},"end":{"line":13,"column":null}},"3":{"start":{"line":15,"column":8},"end":{"line":15,"column":null}},"4":{"start":{"line":17,"column":12},"end":{"line":17,"column":null}},"5":{"start":{"line":18,"column":12},"end":{"line":18,"column":null}},"6":{"start":{"line":19,"column":38},"end":{"line":19,"column":57}},"7":{"start":{"line":19,"column":57},"end":{"line":19,"column":null}},"8":{"start":{"line":20,"column":14},"end":{"line":20,"column":38}},"9":{"start":{"line":20,"column":38},"end":{"line":20,"column":87}},"10":{"start":{"line":20,"column":87},"end":{"line":22,"column":null}},"11":{"start":{"line":25,"column":8},"end":{"line":25,"column":null}},"12":{"start":{"line":26,"column":10},"end":{"line":26,"column":null}},"13":{"start":{"line":27,"column":10},"end":{"line":27,"column":16}},"14":{"start":{"line":27,"column":16},"end":{"line":27,"column":86}},"15":{"start":{"line":27,"column":86},"end":{"line":27,"column":null}},"16":{"start":{"line":30,"column":8},"end":{"line":30,"column":35}},"17":{"start":{"line":30,"column":35},"end":{"line":30,"column":null}},"18":{"start":{"line":30,"column":35},"end":{"line":30,"column":44}},"19":{"start":{"line":31,"column":10},"end":{"line":31,"column":76}},"20":{"start":{"line":31,"column":76},"end":{"line":31,"column":null}},"21":{"start":{"line":32,"column":8},"end":{"line":32,"column":null}},"22":{"start":{"line":37,"column":6},"end":{"line":37,"column":null}},"23":{"start":{"line":38,"column":31},"end":{"line":38,"column":53}},"24":{"start":{"line":38,"column":53},"end":{"line":38,"column":null}},"25":{"start":{"line":40,"column":8},"end":{"line":40,"column":null}},"26":{"start":{"line":41,"column":10},"end":{"line":41,"column":null}},"27":{"start":{"line":42,"column":10},"end":{"line":42,"column":16}},"28":{"start":{"line":42,"column":16},"end":{"line":42,"column":83}},"29":{"start":{"line":42,"column":83},"end":{"line":43,"column":null}},"30":{"start":{"line":1,"column":0},"end":{"line":2,"column":null}},"31":{"start":{"line":3,"column":23},"end":{"line":3,"column":32}},"32":{"start":{"line":3,"column":32},"end":{"line":3,"column":null}},"33":{"start":{"line":4,"column":4},"end":{"line":4,"column":30}},"34":{"start":{"line":4,"column":30},"end":{"line":4,"column":42}},"35":{"start":{"line":4,"column":42},"end":{"line":5,"column":null}},"36":{"start":{"line":8,"column":0},"end":{"line":8,"column":null}},"37":{"start":{"line":11,"column":4},"end":{"line":11,"column":null}},"38":{"start":{"line":36,"column":4},"end":{"line":36,"column":null}},"39":{"start":{"line":47,"column":2},"end":{"line":47,"column":null}}},"fnMap":{"0":{"name":"Download_Conditional_8_Template_button_click_16_listener","decl":{"start":{"line":30,"column":35},"end":{"line":30,"column":44}},"loc":{"start":{"line":30,"column":35},"end":{"line":30,"column":null}},"line":30}},"branchMap":{"0":{"loc":{"start":{"line":11,"column":4},"end":{"line":11,"column":null}},"type":"cond-expr","locations":[{"start":{"line":11,"column":4},"end":{"line":11,"column":null}},{"start":{"line":11,"column":4},"end":{"line":11,"column":null}}],"line":11},"1":{"loc":{"start":{"line":36,"column":4},"end":{"line":36,"column":null}},"type":"cond-expr","locations":[{"start":{"line":36,"column":4},"end":{"line":36,"column":null}},{"start":{"line":36,"column":4},"end":{"line":36,"column":null}}],"line":36}},"s":{"0":2,"1":2,"2":2,"3":2,"4":2,"5":2,"6":6,"7":2,"8":2,"9":6,"10":2,"11":2,"12":2,"13":2,"14":6,"15":2,"16":2,"17":0,"18":0,"19":2,"20":2,"21":2,"22":1,"23":1,"24":1,"25":1,"26":1,"27":1,"28":1,"29":1,"30":4,"31":4,"32":4,"33":4,"34":4,"35":4,"36":4,"37":9,"38":9,"39":4},"f":{"0":0},"b":{"0":[15,9],"1":[3,6]},"meta":{"lastBranch":2,"lastFunction":1,"lastStatement":40,"seen":{"s:12:6:12:Infinity":0,"s:13:31:13:53":1,"s:13:53:13:Infinity":2,"s:15:8:15:Infinity":3,"s:17:12:17:Infinity":4,"s:18:12:18:Infinity":5,"s:19:38:19:57":6,"s:19:57:19:Infinity":7,"s:20:14:20:38":8,"s:20:38:20:87":9,"s:20:87:22:Infinity":10,"s:25:8:25:Infinity":11,"s:26:10:26:Infinity":12,"s:27:10:27:16":13,"s:27:16:27:86":14,"s:27:86:27:Infinity":15,"s:30:8:30:35":16,"s:30:35:30:Infinity":17,"f:30:35:30:44":0,"s:30:35:30:44":18,"s:31:10:31:76":19,"s:31:76:31:Infinity":20,"s:32:8:32:Infinity":21,"s:37:6:37:Infinity":22,"s:38:31:38:53":23,"s:38:53:38:Infinity":24,"s:40:8:40:Infinity":25,"s:41:10:41:Infinity":26,"s:42:10:42:16":27,"s:42:16:42:83":28,"s:42:83:43:Infinity":29,"s:1:0:2:Infinity":30,"s:3:23:3:32":31,"s:3:32:3:Infinity":32,"s:4:4:4:30":33,"s:4:30:4:42":34,"s:4:42:5:Infinity":35,"s:8:0:8:Infinity":36,"s:11:4:11:Infinity":37,"s:36:4:36:Infinity":38,"s:47:2:47:Infinity":39,"b:11:4:11:Infinity:11:4:11:Infinity":0,"b:36:4:36:Infinity:36:4:36:Infinity":1}}}
,"/home/jarod/Bureau/frontend-datashare/src/app/pages/download/download.ts": {"path":"/home/jarod/Bureau/frontend-datashare/src/app/pages/download/download.ts","statementMap":{"0":{"start":{"line":13,"column":6},"end":{"line":9,"column":39}},"1":{"start":{"line":15,"column":10},"end":{"line":15,"column":null}},"2":{"start":{"line":16,"column":10},"end":{"line":16,"column":null}},"3":{"start":{"line":17,"column":10},"end":{"line":17,"column":null}},"4":{"start":{"line":18,"column":10},"end":{"line":18,"column":null}},"5":{"start":{"line":20,"column":18},"end":{"line":20,"column":null}},"6":{"start":{"line":21,"column":33},"end":{"line":21,"column":null}},"7":{"start":{"line":22,"column":25},"end":{"line":22,"column":null}},"8":{"start":{"line":13,"column":13},"end":{"line":9,"column":39}},"9":{"start":{"line":25,"column":4},"end":{"line":25,"column":null}},"10":{"start":{"line":26,"column":4},"end":{"line":28,"column":null}},"11":{"start":{"line":27,"column":6},"end":{"line":27,"column":null}},"12":{"start":{"line":32,"column":4},"end":{"line":46,"column":null}},"13":{"start":{"line":36,"column":10},"end":{"line":36,"column":null}},"14":{"start":{"line":37,"column":10},"end":{"line":37,"column":null}},"15":{"start":{"line":38,"column":10},"end":{"line":38,"column":null}},"16":{"start":{"line":39,"column":10},"end":{"line":39,"column":null}},"17":{"start":{"line":42,"column":10},"end":{"line":42,"column":null}},"18":{"start":{"line":43,"column":10},"end":{"line":43,"column":null}},"19":{"start":{"line":44,"column":10},"end":{"line":44,"column":null}},"20":{"start":{"line":50,"column":4},"end":{"line":50,"column":null}},"21":{"start":{"line":50,"column":24},"end":{"line":50,"column":null}},"22":{"start":{"line":51,"column":4},"end":{"line":60,"column":null}},"23":{"start":{"line":55,"column":10},"end":{"line":55,"column":null}},"24":{"start":{"line":58,"column":10},"end":{"line":58,"column":null}},"25":{"start":{"line":13,"column":13},"end":{"line":13,"column":null}},"26":{"start":{"line":13,"column":21},"end":{"line":47,"column":null}},"27":{"start":{"line":13,"column":13},"end":{"line":9,"column":null}}},"fnMap":{"0":{"name":"ngOnInit","decl":{"start":{"line":24,"column":2},"end":{"line":24,"column":10}},"loc":{"start":{"line":24,"column":10},"end":{"line":29,"column":null}},"line":24},"1":{"name":"loadFileInfo","decl":{"start":{"line":31,"column":2},"end":{"line":31,"column":15}},"loc":{"start":{"line":31,"column":28},"end":{"line":47,"column":null}},"line":31},"2":{"name":"(anonymous_2)","decl":{"start":{"line":35,"column":14},"end":{"line":35,"column":15}},"loc":{"start":{"line":35,"column":28},"end":{"line":40,"column":null}},"line":35},"3":{"name":"(anonymous_3)","decl":{"start":{"line":41,"column":15},"end":{"line":41,"column":16}},"loc":{"start":{"line":41,"column":28},"end":{"line":45,"column":null}},"line":41},"4":{"name":"onDownload","decl":{"start":{"line":49,"column":2},"end":{"line":49,"column":12}},"loc":{"start":{"line":49,"column":12},"end":{"line":61,"column":null}},"line":49},"5":{"name":"(anonymous_5)","decl":{"start":{"line":54,"column":14},"end":{"line":54,"column":15}},"loc":{"start":{"line":54,"column":30},"end":{"line":56,"column":null}},"line":54},"6":{"name":"(anonymous_6)","decl":{"start":{"line":57,"column":15},"end":{"line":57,"column":16}},"loc":{"start":{"line":57,"column":28},"end":{"line":59,"column":null}},"line":57},"7":{"name":"template","decl":{"start":{"line":13,"column":21},"end":{"line":13,"column":null}},"loc":{"start":{"line":13,"column":21},"end":{"line":9,"column":26}},"line":13}},"branchMap":{"0":{"loc":{"start":{"line":26,"column":4},"end":{"line":28,"column":null}},"type":"if","locations":[{"start":{"line":26,"column":4},"end":{"line":28,"column":null}},{"start":{},"end":{}}],"line":26},"1":{"loc":{"start":{"line":50,"column":4},"end":{"line":50,"column":null}},"type":"if","locations":[{"start":{"line":50,"column":4},"end":{"line":50,"column":null}},{"start":{},"end":{}}],"line":50},"2":{"loc":{"start":{"line":13,"column":13},"end":{"line":13,"column":21}},"type":"binary-expr","locations":[{"start":{"line":13,"column":13},"end":{"line":13,"column":21}},{"start":{"line":13,"column":13},"end":{"line":13,"column":21}}],"line":13},"3":{"loc":{"start":{"line":13,"column":21},"end":{"line":47,"column":null}},"type":"if","locations":[{"start":{"line":13,"column":21},"end":{"line":47,"column":null}},{"start":{},"end":{}}],"line":13},"4":{"loc":{"start":{"line":13,"column":13},"end":{"line":9,"column":null}},"type":"binary-expr","locations":[{"start":{"line":13,"column":13},"end":{"line":13,"column":21}},{"start":{"line":13,"column":13},"end":{"line":13,"column":21}},{"start":{"line":13,"column":13},"end":{"line":9,"column":null}}],"line":13},"5":{"loc":{"start":{"line":13,"column":13},"end":{"line":13,"column":null}},"type":"binary-expr","locations":[{"start":{"line":13,"column":13},"end":{"line":13,"column":21}},{"start":{"line":13,"column":13},"end":{"line":13,"column":21}},{"start":{"line":13,"column":13},"end":{"line":13,"column":null}}],"line":13}},"s":{"0":1,"1":4,"2":4,"3":4,"4":4,"5":4,"6":4,"7":4,"8":1,"9":3,"10":3,"11":3,"12":3,"13":2,"14":2,"15":2,"16":2,"17":1,"18":1,"19":1,"20":0,"21":0,"22":0,"23":0,"24":0,"25":1,"26":13,"27":1},"f":{"0":3,"1":3,"2":2,"3":1,"4":0,"5":0,"6":0,"7":1},"b":{"0":[3,0],"1":[0,0],"2":[4,4],"3":[4,9],"4":[1,1,1],"5":[1,1,1]},"meta":{"lastBranch":6,"lastFunction":8,"lastStatement":28,"seen":{"s:13:6:9:39":0,"s:15:10:15:Infinity":1,"s:16:10:16:Infinity":2,"s:17:10:17:Infinity":3,"s:18:10:18:Infinity":4,"s:20:18:20:Infinity":5,"s:21:33:21:Infinity":6,"s:22:25:22:Infinity":7,"s:13:13:9:39":8,"f:24:2:24:10":0,"s:25:4:25:Infinity":9,"b:26:4:28:Infinity:undefined:undefined:undefined:undefined":0,"s:26:4:28:Infinity":10,"s:27:6:27:Infinity":11,"f:31:2:31:15":1,"s:32:4:46:Infinity":12,"f:35:14:35:15":2,"s:36:10:36:Infinity":13,"s:37:10:37:Infinity":14,"s:38:10:38:Infinity":15,"s:39:10:39:Infinity":16,"f:41:15:41:16":3,"s:42:10:42:Infinity":17,"s:43:10:43:Infinity":18,"s:44:10:44:Infinity":19,"f:49:2:49:12":4,"b:50:4:50:Infinity:undefined:undefined:undefined:undefined":1,"s:50:4:50:Infinity":20,"s:50:24:50:Infinity":21,"s:51:4:60:Infinity":22,"f:54:14:54:15":5,"s:55:10:55:Infinity":23,"f:57:15:57:16":6,"s:58:10:58:Infinity":24,"s:13:13:13:Infinity":25,"b:13:13:13:21:13:13:13:21":2,"f:13:21:13:Infinity":7,"b:13:21:47:Infinity:undefined:undefined:undefined:undefined":3,"s:13:21:47:Infinity":26,"s:13:13:9:Infinity":27,"b:13:13:13:21:13:13:13:21:13:13:9:Infinity":4,"b:13:13:13:21:13:13:13:21:13:13:13:Infinity":5}}}
,"/home/jarod/Bureau/frontend-datashare/src/app/pages/history/history.html": {"path":"/home/jarod/Bureau/frontend-datashare/src/app/pages/history/history.html","statementMap":{"0":{"start":{"line":52,"column":18},"end":{"line":52,"column":57}},"1":{"start":{"line":52,"column":57},"end":{"line":52,"column":63}},"2":{"start":{"line":52,"column":63},"end":{"line":52,"column":null}},"3":{"start":{"line":54,"column":18},"end":{"line":54,"column":49}},"4":{"start":{"line":54,"column":49},"end":{"line":54,"column":104}},"5":{"start":{"line":54,"column":104},"end":{"line":54,"column":null}},"6":{"start":{"line":60,"column":16},"end":{"line":60,"column":42}},"7":{"start":{"line":60,"column":42},"end":{"line":60,"column":93}},"8":{"start":{"line":60,"column":93},"end":{"line":60,"column":null}},"9":{"start":{"line":62,"column":16},"end":{"line":62,"column":43}},"10":{"start":{"line":62,"column":43},"end":{"line":62,"column":null}},"11":{"start":{"line":62,"column":43},"end":{"line":62,"column":52}},"12":{"start":{"line":63,"column":18},"end":{"line":63,"column":80}},"13":{"start":{"line":63,"column":80},"end":{"line":63,"column":null}},"14":{"start":{"line":64,"column":16},"end":{"line":64,"column":null}},"15":{"start":{"line":65,"column":16},"end":{"line":65,"column":43}},"16":{"start":{"line":66,"column":18},"end":{"line":66,"column":79}},"17":{"start":{"line":66,"column":79},"end":{"line":66,"column":null}},"18":{"start":{"line":67,"column":16},"end":{"line":67,"column":null}},"19":{"start":{"line":65,"column":43},"end":{"line":65,"column":null}},"20":{"start":{"line":46,"column":10},"end":{"line":46,"column":null}},"21":{"start":{"line":48,"column":14},"end":{"line":48,"column":null}},"22":{"start":{"line":49,"column":14},"end":{"line":49,"column":null}},"23":{"start":{"line":50,"column":45},"end":{"line":50,"column":60}},"24":{"start":{"line":50,"column":60},"end":{"line":50,"column":null}},"25":{"start":{"line":51,"column":16},"end":{"line":51,"column":null}},"26":{"start":{"line":56,"column":14},"end":{"line":56,"column":null}},"27":{"start":{"line":58,"column":12},"end":{"line":58,"column":null}},"28":{"start":{"line":59,"column":14},"end":{"line":59,"column":null}},"29":{"start":{"line":69,"column":12},"end":{"line":69,"column":null}},"30":{"start":{"line":51,"column":16},"end":{"line":51,"column":39}},"31":{"start":{"line":59,"column":14},"end":{"line":59,"column":37}},"32":{"start":{"line":74,"column":10},"end":{"line":74,"column":30}},"33":{"start":{"line":74,"column":30},"end":{"line":74,"column":55}},"34":{"start":{"line":74,"column":55},"end":{"line":74,"column":null}},"35":{"start":{"line":1,"column":0},"end":{"line":5,"column":null}},"36":{"start":{"line":6,"column":25},"end":{"line":6,"column":34}},"37":{"start":{"line":6,"column":34},"end":{"line":6,"column":null}},"38":{"start":{"line":8,"column":4},"end":{"line":8,"column":null}},"39":{"start":{"line":9,"column":37},"end":{"line":9,"column":49}},"40":{"start":{"line":9,"column":49},"end":{"line":9,"column":null}},"41":{"start":{"line":11,"column":4},"end":{"line":11,"column":null}},"42":{"start":{"line":12,"column":35},"end":{"line":12,"column":60}},"43":{"start":{"line":12,"column":60},"end":{"line":13,"column":null}},"44":{"start":{"line":17,"column":2},"end":{"line":21,"column":null}},"45":{"start":{"line":23,"column":10},"end":{"line":23,"column":null}},"46":{"start":{"line":24,"column":8},"end":{"line":24,"column":null}},"47":{"start":{"line":25,"column":8},"end":{"line":25,"column":33}},"48":{"start":{"line":25,"column":33},"end":{"line":25,"column":null}},"49":{"start":{"line":25,"column":33},"end":{"line":25,"column":52}},"50":{"start":{"line":26,"column":10},"end":{"line":26,"column":73}},"51":{"start":{"line":26,"column":73},"end":{"line":26,"column":null}},"52":{"start":{"line":27,"column":8},"end":{"line":28,"column":null}},"53":{"start":{"line":32,"column":4},"end":{"line":32,"column":null}},"54":{"start":{"line":33,"column":32},"end":{"line":33,"column":44}},"55":{"start":{"line":33,"column":44},"end":{"line":33,"column":null}},"56":{"start":{"line":36,"column":6},"end":{"line":36,"column":null}},"57":{"start":{"line":37,"column":69},"end":{"line":37,"column":97}},"58":{"start":{"line":37,"column":69},"end":{"line":37,"column":95}},"59":{"start":{"line":37,"column":97},"end":{"line":37,"column":101}},"60":{"start":{"line":37,"column":101},"end":{"line":37,"column":null}},"61":{"start":{"line":38,"column":8},"end":{"line":38,"column":28}},"62":{"start":{"line":38,"column":71},"end":{"line":38,"column":101}},"63":{"start":{"line":38,"column":71},"end":{"line":38,"column":99}},"64":{"start":{"line":38,"column":101},"end":{"line":38,"column":107}},"65":{"start":{"line":38,"column":107},"end":{"line":38,"column":null}},"66":{"start":{"line":39,"column":8},"end":{"line":39,"column":28}},"67":{"start":{"line":39,"column":72},"end":{"line":39,"column":103}},"68":{"start":{"line":39,"column":72},"end":{"line":39,"column":101}},"69":{"start":{"line":39,"column":103},"end":{"line":39,"column":109}},"70":{"start":{"line":39,"column":109},"end":{"line":39,"column":null}},"71":{"start":{"line":43,"column":6},"end":{"line":43,"column":null}},"72":{"start":{"line":45,"column":8},"end":{"line":45,"column":null}},"73":{"start":{"line":73,"column":8},"end":{"line":73,"column":null}},"74":{"start":{"line":77,"column":6},"end":{"line":79,"column":null}},"75":{"start":{"line":37,"column":28},"end":{"line":37,"column":69}},"76":{"start":{"line":38,"column":28},"end":{"line":38,"column":71}},"77":{"start":{"line":39,"column":28},"end":{"line":39,"column":72}}},"fnMap":{"0":{"name":"History_For_31_Conditional_10_Template_button_click_0_listener","decl":{"start":{"line":62,"column":43},"end":{"line":62,"column":52}},"loc":{"start":{"line":62,"column":43},"end":{"line":62,"column":null}},"line":62},"1":{"name":"History_Template_button_click_16_listener","decl":{"start":{"line":25,"column":33},"end":{"line":25,"column":42}},"loc":{"start":{"line":25,"column":33},"end":{"line":25,"column":null}},"line":25},"2":{"name":"History_Template_button_click_23_listener","decl":{"start":{"line":37,"column":69},"end":{"line":37,"column":78}},"loc":{"start":{"line":37,"column":69},"end":{"line":37,"column":97}},"line":37},"3":{"name":"History_Template_button_click_25_listener","decl":{"start":{"line":38,"column":71},"end":{"line":38,"column":80}},"loc":{"start":{"line":38,"column":71},"end":{"line":38,"column":101}},"line":38},"4":{"name":"History_Template_button_click_27_listener","decl":{"start":{"line":39,"column":72},"end":{"line":39,"column":81}},"loc":{"start":{"line":39,"column":72},"end":{"line":39,"column":103}},"line":39}},"branchMap":{"0":{"loc":{"start":{"line":51,"column":16},"end":{"line":51,"column":39}},"type":"cond-expr","locations":[{"start":{"line":51,"column":16},"end":{"line":51,"column":39}},{"start":{"line":51,"column":16},"end":{"line":51,"column":39}}],"line":51},"1":{"loc":{"start":{"line":59,"column":14},"end":{"line":59,"column":37}},"type":"cond-expr","locations":[{"start":{"line":59,"column":14},"end":{"line":59,"column":37}},{"start":{"line":59,"column":14},"end":{"line":59,"column":37}}],"line":59},"2":{"loc":{"start":{"line":73,"column":8},"end":{"line":73,"column":null}},"type":"cond-expr","locations":[{"start":{"line":73,"column":8},"end":{"line":73,"column":null}},{"start":{"line":73,"column":8},"end":{"line":73,"column":null}}],"line":73}},"s":{"0":0,"1":0,"2":0,"3":5,"4":17,"5":5,"6":0,"7":0,"8":0,"9":5,"10":0,"11":0,"12":5,"13":5,"14":5,"15":5,"16":5,"17":5,"18":5,"19":17,"20":5,"21":5,"22":5,"23":17,"24":5,"25":5,"26":5,"27":5,"28":5,"29":5,"30":17,"31":17,"32":1,"33":1,"34":1,"35":5,"36":5,"37":5,"38":5,"39":5,"40":5,"41":5,"42":5,"43":5,"44":5,"45":5,"46":5,"47":5,"48":5,"49":0,"50":5,"51":5,"52":5,"53":5,"54":5,"55":5,"56":5,"57":5,"58":0,"59":5,"60":5,"61":5,"62":5,"63":0,"64":5,"65":5,"66":5,"67":5,"68":0,"69":5,"70":5,"71":5,"72":14,"73":14,"74":5,"75":14,"76":14,"77":14},"f":{"0":0,"1":0,"2":0,"3":0,"4":0},"b":{"0":[0,17],"1":[0,17],"2":[3,11]},"meta":{"lastBranch":3,"lastFunction":5,"lastStatement":78,"seen":{"s:52:18:52:57":0,"s:52:57:52:63":1,"s:52:63:52:Infinity":2,"s:54:18:54:49":3,"s:54:49:54:104":4,"s:54:104:54:Infinity":5,"s:60:16:60:42":6,"s:60:42:60:93":7,"s:60:93:60:Infinity":8,"s:62:16:62:43":9,"s:62:43:62:Infinity":10,"f:62:43:62:52":0,"s:62:43:62:52":11,"s:63:18:63:80":12,"s:63:80:63:Infinity":13,"s:64:16:64:Infinity":14,"s:65:16:65:43":15,"s:66:18:66:79":16,"s:66:79:66:Infinity":17,"s:67:16:67:Infinity":18,"s:65:43:65:Infinity":19,"s:46:10:46:Infinity":20,"s:48:14:48:Infinity":21,"s:49:14:49:Infinity":22,"s:50:45:50:60":23,"s:50:60:50:Infinity":24,"s:51:16:51:Infinity":25,"s:56:14:56:Infinity":26,"s:58:12:58:Infinity":27,"s:59:14:59:Infinity":28,"s:69:12:69:Infinity":29,"s:51:16:51:39":30,"b:51:16:51:39:51:16:51:39":0,"s:59:14:59:37":31,"b:59:14:59:37:59:14:59:37":1,"s:74:10:74:30":32,"s:74:30:74:55":33,"s:74:55:74:Infinity":34,"s:1:0:5:Infinity":35,"s:6:25:6:34":36,"s:6:34:6:Infinity":37,"s:8:4:8:Infinity":38,"s:9:37:9:49":39,"s:9:49:9:Infinity":40,"s:11:4:11:Infinity":41,"s:12:35:12:60":42,"s:12:60:13:Infinity":43,"s:17:2:21:Infinity":44,"s:23:10:23:Infinity":45,"s:24:8:24:Infinity":46,"s:25:8:25:33":47,"s:25:33:25:Infinity":48,"f:25:33:25:42":1,"s:25:33:25:52":49,"s:26:10:26:73":50,"s:26:73:26:Infinity":51,"s:27:8:28:Infinity":52,"s:32:4:32:Infinity":53,"s:33:32:33:44":54,"s:33:44:33:Infinity":55,"s:36:6:36:Infinity":56,"s:37:69:37:97":57,"f:37:69:37:78":2,"s:37:69:37:95":58,"s:37:97:37:101":59,"s:37:101:37:Infinity":60,"s:38:8:38:28":61,"s:38:71:38:101":62,"f:38:71:38:80":3,"s:38:71:38:99":63,"s:38:101:38:107":64,"s:38:107:38:Infinity":65,"s:39:8:39:28":66,"s:39:72:39:103":67,"f:39:72:39:81":4,"s:39:72:39:101":68,"s:39:103:39:109":69,"s:39:109:39:Infinity":70,"s:43:6:43:Infinity":71,"s:45:8:45:Infinity":72,"s:73:8:73:Infinity":73,"s:77:6:79:Infinity":74,"s:37:28:37:69":75,"s:38:28:38:71":76,"s:39:28:39:72":77,"b:73:8:73:Infinity:73:8:73:Infinity":2}}}
,"/home/jarod/Bureau/frontend-datashare/src/app/pages/history/history.ts": {"path":"/home/jarod/Bureau/frontend-datashare/src/app/pages/history/history.ts","statementMap":{"0":{"start":{"line":14,"column":6},"end":{"line":10,"column":37}},"1":{"start":{"line":16,"column":10},"end":{"line":16,"column":null}},"2":{"start":{"line":17,"column":10},"end":{"line":17,"column":null}},"3":{"start":{"line":18,"column":10},"end":{"line":18,"column":null}},"4":{"start":{"line":19,"column":10},"end":{"line":19,"column":null}},"5":{"start":{"line":20,"column":10},"end":{"line":20,"column":null}},"6":{"start":{"line":22,"column":17},"end":{"line":22,"column":null}},"7":{"start":{"line":23,"column":29},"end":{"line":23,"column":null}},"8":{"start":{"line":24,"column":25},"end":{"line":24,"column":null}},"9":{"start":{"line":14,"column":13},"end":{"line":10,"column":37}},"10":{"start":{"line":27,"column":4},"end":{"line":27,"column":null}},"11":{"start":{"line":31,"column":4},"end":{"line":44,"column":null}},"12":{"start":{"line":35,"column":10},"end":{"line":35,"column":null}},"13":{"start":{"line":36,"column":10},"end":{"line":36,"column":null}},"14":{"start":{"line":37,"column":10},"end":{"line":37,"column":null}},"15":{"start":{"line":40,"column":10},"end":{"line":40,"column":null}},"16":{"start":{"line":41,"column":10},"end":{"line":41,"column":null}},"17":{"start":{"line":42,"column":10},"end":{"line":42,"column":null}},"18":{"start":{"line":48,"column":4},"end":{"line":60,"column":null}},"19":{"start":{"line":52,"column":10},"end":{"line":52,"column":null}},"20":{"start":{"line":52,"column":46},"end":{"line":52,"column":57}},"21":{"start":{"line":53,"column":10},"end":{"line":53,"column":null}},"22":{"start":{"line":56,"column":10},"end":{"line":56,"column":null}},"23":{"start":{"line":57,"column":10},"end":{"line":57,"column":null}},"24":{"start":{"line":58,"column":10},"end":{"line":58,"column":null}},"25":{"start":{"line":64,"column":4},"end":{"line":64,"column":null}},"26":{"start":{"line":65,"column":4},"end":{"line":65,"column":null}},"27":{"start":{"line":69,"column":4},"end":{"line":69,"column":null}},"28":{"start":{"line":73,"column":16},"end":{"line":73,"column":null}},"29":{"start":{"line":74,"column":4},"end":{"line":78,"column":null}},"30":{"start":{"line":75,"column":6},"end":{"line":75,"column":null}},"31":{"start":{"line":75,"column":36},"end":{"line":75,"column":68}},"32":{"start":{"line":76,"column":4},"end":{"line":78,"column":null}},"33":{"start":{"line":77,"column":6},"end":{"line":77,"column":null}},"34":{"start":{"line":77,"column":36},"end":{"line":77,"column":69}},"35":{"start":{"line":79,"column":4},"end":{"line":79,"column":null}},"36":{"start":{"line":83,"column":4},"end":{"line":83,"column":null}},"37":{"start":{"line":14,"column":13},"end":{"line":14,"column":null}},"38":{"start":{"line":14,"column":20},"end":{"line":79,"column":null}},"39":{"start":{"line":14,"column":13},"end":{"line":10,"column":null}}},"fnMap":{"0":{"name":"ngOnInit","decl":{"start":{"line":26,"column":2},"end":{"line":26,"column":10}},"loc":{"start":{"line":26,"column":10},"end":{"line":28,"column":null}},"line":26},"1":{"name":"loadFiles","decl":{"start":{"line":30,"column":2},"end":{"line":30,"column":11}},"loc":{"start":{"line":30,"column":11},"end":{"line":45,"column":null}},"line":30},"2":{"name":"(anonymous_2)","decl":{"start":{"line":34,"column":14},"end":{"line":34,"column":15}},"loc":{"start":{"line":34,"column":31},"end":{"line":38,"column":null}},"line":34},"3":{"name":"(anonymous_3)","decl":{"start":{"line":39,"column":15},"end":{"line":39,"column":16}},"loc":{"start":{"line":39,"column":28},"end":{"line":43,"column":null}},"line":39},"4":{"name":"deleteFile","decl":{"start":{"line":47,"column":2},"end":{"line":47,"column":13}},"loc":{"start":{"line":47,"column":23},"end":{"line":61,"column":null}},"line":47},"5":{"name":"(anonymous_5)","decl":{"start":{"line":51,"column":14},"end":{"line":51,"column":19}},"loc":{"start":{"line":51,"column":19},"end":{"line":54,"column":null}},"line":51},"6":{"name":"(anonymous_6)","decl":{"start":{"line":52,"column":41},"end":{"line":52,"column":46}},"loc":{"start":{"line":52,"column":46},"end":{"line":52,"column":57}},"line":52},"7":{"name":"(anonymous_7)","decl":{"start":{"line":55,"column":15},"end":{"line":55,"column":16}},"loc":{"start":{"line":55,"column":28},"end":{"line":59,"column":null}},"line":55},"8":{"name":"onLogout","decl":{"start":{"line":63,"column":2},"end":{"line":63,"column":10}},"loc":{"start":{"line":63,"column":10},"end":{"line":66,"column":null}},"line":63},"9":{"name":"setFilter","decl":{"start":{"line":68,"column":2},"end":{"line":68,"column":12}},"loc":{"start":{"line":68,"column":26},"end":{"line":70,"column":null}},"line":68},"10":{"name":"filteredFiles","decl":{"start":{"line":72,"column":6},"end":{"line":72,"column":19}},"loc":{"start":{"line":72,"column":19},"end":{"line":80,"column":null}},"line":72},"11":{"name":"(anonymous_11)","decl":{"start":{"line":75,"column":31},"end":{"line":75,"column":36}},"loc":{"start":{"line":75,"column":36},"end":{"line":75,"column":68}},"line":75},"12":{"name":"(anonymous_12)","decl":{"start":{"line":77,"column":31},"end":{"line":77,"column":36}},"loc":{"start":{"line":77,"column":36},"end":{"line":77,"column":69}},"line":77},"13":{"name":"isExpired","decl":{"start":{"line":82,"column":2},"end":{"line":82,"column":12}},"loc":{"start":{"line":82,"column":21},"end":{"line":84,"column":null}},"line":82},"14":{"name":"template","decl":{"start":{"line":14,"column":20},"end":{"line":14,"column":null}},"loc":{"start":{"line":14,"column":20},"end":{"line":10,"column":26}},"line":14}},"branchMap":{"0":{"loc":{"start":{"line":74,"column":4},"end":{"line":78,"column":null}},"type":"if","locations":[{"start":{"line":74,"column":4},"end":{"line":78,"column":null}},{"start":{"line":76,"column":4},"end":{"line":78,"column":null}}],"line":74},"1":{"loc":{"start":{"line":76,"column":4},"end":{"line":78,"column":null}},"type":"if","locations":[{"start":{"line":76,"column":4},"end":{"line":78,"column":null}},{"start":{},"end":{}}],"line":76},"2":{"loc":{"start":{"line":14,"column":13},"end":{"line":14,"column":20}},"type":"binary-expr","locations":[{"start":{"line":14,"column":13},"end":{"line":14,"column":20}},{"start":{"line":14,"column":13},"end":{"line":14,"column":20}}],"line":14},"3":{"loc":{"start":{"line":14,"column":20},"end":{"line":79,"column":null}},"type":"if","locations":[{"start":{"line":14,"column":20},"end":{"line":79,"column":null}},{"start":{},"end":{}}],"line":14},"4":{"loc":{"start":{"line":14,"column":13},"end":{"line":10,"column":null}},"type":"binary-expr","locations":[{"start":{"line":14,"column":13},"end":{"line":14,"column":20}},{"start":{"line":14,"column":13},"end":{"line":14,"column":20}},{"start":{"line":14,"column":13},"end":{"line":10,"column":null}}],"line":14},"5":{"loc":{"start":{"line":14,"column":13},"end":{"line":14,"column":null}},"type":"binary-expr","locations":[{"start":{"line":14,"column":13},"end":{"line":14,"column":20}},{"start":{"line":14,"column":13},"end":{"line":14,"column":20}},{"start":{"line":14,"column":13},"end":{"line":14,"column":null}}],"line":14}},"s":{"0":1,"1":5,"2":5,"3":5,"4":5,"5":5,"6":5,"7":5,"8":5,"9":1,"10":4,"11":4,"12":3,"13":3,"14":3,"15":1,"16":1,"17":1,"18":2,"19":1,"20":2,"21":1,"22":1,"23":1,"24":1,"25":0,"26":0,"27":0,"28":28,"29":28,"30":0,"31":0,"32":28,"33":0,"34":0,"35":28,"36":34,"37":1,"38":19,"39":1},"f":{"0":4,"1":4,"2":3,"3":1,"4":2,"5":1,"6":2,"7":1,"8":0,"9":0,"10":28,"11":0,"12":0,"13":34,"14":1},"b":{"0":[0,28],"1":[0,28],"2":[5,5],"3":[5,14],"4":[1,1,1],"5":[1,1,1]},"meta":{"lastBranch":6,"lastFunction":15,"lastStatement":40,"seen":{"s:14:6:10:37":0,"s:16:10:16:Infinity":1,"s:17:10:17:Infinity":2,"s:18:10:18:Infinity":3,"s:19:10:19:Infinity":4,"s:20:10:20:Infinity":5,"s:22:17:22:Infinity":6,"s:23:29:23:Infinity":7,"s:24:25:24:Infinity":8,"s:14:13:10:37":9,"f:26:2:26:10":0,"s:27:4:27:Infinity":10,"f:30:2:30:11":1,"s:31:4:44:Infinity":11,"f:34:14:34:15":2,"s:35:10:35:Infinity":12,"s:36:10:36:Infinity":13,"s:37:10:37:Infinity":14,"f:39:15:39:16":3,"s:40:10:40:Infinity":15,"s:41:10:41:Infinity":16,"s:42:10:42:Infinity":17,"f:47:2:47:13":4,"s:48:4:60:Infinity":18,"f:51:14:51:19":5,"s:52:10:52:Infinity":19,"f:52:41:52:46":6,"s:52:46:52:57":20,"s:53:10:53:Infinity":21,"f:55:15:55:16":7,"s:56:10:56:Infinity":22,"s:57:10:57:Infinity":23,"s:58:10:58:Infinity":24,"f:63:2:63:10":8,"s:64:4:64:Infinity":25,"s:65:4:65:Infinity":26,"f:68:2:68:12":9,"s:69:4:69:Infinity":27,"f:72:6:72:19":10,"s:73:16:73:Infinity":28,"b:74:4:78:Infinity:76:4:78:Infinity":0,"s:74:4:78:Infinity":29,"s:75:6:75:Infinity":30,"f:75:31:75:36":11,"s:75:36:75:68":31,"b:76:4:78:Infinity:undefined:undefined:undefined:undefined":1,"s:76:4:78:Infinity":32,"s:77:6:77:Infinity":33,"f:77:31:77:36":12,"s:77:36:77:69":34,"s:79:4:79:Infinity":35,"f:82:2:82:12":13,"s:83:4:83:Infinity":36,"s:14:13:14:Infinity":37,"b:14:13:14:20:14:13:14:20":2,"f:14:20:14:Infinity":14,"b:14:20:79:Infinity:undefined:undefined:undefined:undefined":3,"s:14:20:79:Infinity":38,"s:14:13:10:Infinity":39,"b:14:13:14:20:14:13:14:20:14:13:10:Infinity":4,"b:14:13:14:20:14:13:14:20:14:13:14:Infinity":5}}}
,"/home/jarod/Bureau/frontend-datashare/src/app/pages/login/login.html": {"path":"/home/jarod/Bureau/frontend-datashare/src/app/pages/login/login.html","statementMap":{"0":{"start":{"line":1,"column":0},"end":{"line":2,"column":null}},"1":{"start":{"line":3,"column":23},"end":{"line":3,"column":32}},"2":{"start":{"line":3,"column":32},"end":{"line":3,"column":null}},"3":{"start":{"line":4,"column":4},"end":{"line":4,"column":53}},"4":{"start":{"line":4,"column":53},"end":{"line":4,"column":68}},"5":{"start":{"line":4,"column":68},"end":{"line":5,"column":null}},"6":{"start":{"line":8,"column":0},"end":{"line":10,"column":null}},"7":{"start":{"line":11,"column":29},"end":{"line":11,"column":38}},"8":{"start":{"line":11,"column":38},"end":{"line":11,"column":null}},"9":{"start":{"line":13,"column":6},"end":{"line":13,"column":12}},"10":{"start":{"line":13,"column":36},"end":{"line":13,"column":null}},"11":{"start":{"line":13,"column":36},"end":{"line":13,"column":58}},"12":{"start":{"line":14,"column":8},"end":{"line":14,"column":null}},"13":{"start":{"line":15,"column":29},"end":{"line":15,"column":34}},"14":{"start":{"line":15,"column":34},"end":{"line":15,"column":null}},"15":{"start":{"line":16,"column":10},"end":{"line":16,"column":null}},"16":{"start":{"line":17,"column":8},"end":{"line":17,"column":null}},"17":{"start":{"line":19,"column":8},"end":{"line":19,"column":null}},"18":{"start":{"line":20,"column":32},"end":{"line":20,"column":44}},"19":{"start":{"line":20,"column":44},"end":{"line":20,"column":null}},"20":{"start":{"line":21,"column":10},"end":{"line":21,"column":null}},"21":{"start":{"line":22,"column":8},"end":{"line":22,"column":null}},"22":{"start":{"line":24,"column":8},"end":{"line":24,"column":47}},"23":{"start":{"line":24,"column":47},"end":{"line":24,"column":62}},"24":{"start":{"line":24,"column":62},"end":{"line":24,"column":null}},"25":{"start":{"line":26,"column":8},"end":{"line":26,"column":49}},"26":{"start":{"line":26,"column":49},"end":{"line":26,"column":58}},"27":{"start":{"line":26,"column":58},"end":{"line":29,"column":null}},"28":{"start":{"line":13,"column":12},"end":{"line":13,"column":36}}},"fnMap":{"0":{"name":"Login_Template_form_ngSubmit_11_listener","decl":{"start":{"line":13,"column":36},"end":{"line":13,"column":48}},"loc":{"start":{"line":13,"column":36},"end":{"line":13,"column":null}},"line":13}},"branchMap":{},"s":{"0":4,"1":4,"2":4,"3":4,"4":4,"5":4,"6":4,"7":4,"8":4,"9":4,"10":4,"11":0,"12":4,"13":4,"14":4,"15":4,"16":4,"17":4,"18":4,"19":4,"20":4,"21":4,"22":4,"23":4,"24":4,"25":4,"26":4,"27":4,"28":8},"f":{"0":0},"b":{},"meta":{"lastBranch":0,"lastFunction":1,"lastStatement":29,"seen":{"s:1:0:2:Infinity":0,"s:3:23:3:32":1,"s:3:32:3:Infinity":2,"s:4:4:4:53":3,"s:4:53:4:68":4,"s:4:68:5:Infinity":5,"s:8:0:10:Infinity":6,"s:11:29:11:38":7,"s:11:38:11:Infinity":8,"s:13:6:13:12":9,"s:13:36:13:Infinity":10,"f:13:36:13:48":0,"s:13:36:13:58":11,"s:14:8:14:Infinity":12,"s:15:29:15:34":13,"s:15:34:15:Infinity":14,"s:16:10:16:Infinity":15,"s:17:8:17:Infinity":16,"s:19:8:19:Infinity":17,"s:20:32:20:44":18,"s:20:44:20:Infinity":19,"s:21:10:21:Infinity":20,"s:22:8:22:Infinity":21,"s:24:8:24:47":22,"s:24:47:24:62":23,"s:24:62:24:Infinity":24,"s:26:8:26:49":25,"s:26:49:26:58":26,"s:26:58:29:Infinity":27,"s:13:12:13:36":28}}}
,"/home/jarod/Bureau/frontend-datashare/src/app/pages/login/login.ts": {"path":"/home/jarod/Bureau/frontend-datashare/src/app/pages/login/login.ts","statementMap":{"0":{"start":{"line":24,"column":6},"end":{"line":20,"column":58}},"1":{"start":{"line":26,"column":10},"end":{"line":26,"column":null}},"2":{"start":{"line":27,"column":10},"end":{"line":27,"column":null}},"3":{"start":{"line":28,"column":10},"end":{"line":28,"column":null}},"4":{"start":{"line":29,"column":10},"end":{"line":29,"column":null}},"5":{"start":{"line":30,"column":25},"end":{"line":30,"column":null}},"6":{"start":{"line":31,"column":23},"end":{"line":31,"column":null}},"7":{"start":{"line":24,"column":13},"end":{"line":20,"column":58}},"8":{"start":{"line":34,"column":4},"end":{"line":37,"column":null}},"9":{"start":{"line":41,"column":4},"end":{"line":41,"column":null}},"10":{"start":{"line":45,"column":4},"end":{"line":45,"column":null}},"11":{"start":{"line":46,"column":4},"end":{"line":48,"column":null}},"12":{"start":{"line":47,"column":6},"end":{"line":47,"column":null}},"13":{"start":{"line":49,"column":36},"end":{"line":51,"column":null}},"14":{"start":{"line":53,"column":4},"end":{"line":58,"column":null}},"15":{"start":{"line":56,"column":20},"end":{"line":56,"column":null}},"16":{"start":{"line":57,"column":24},"end":{"line":57,"column":null}},"17":{"start":{"line":62,"column":4},"end":{"line":62,"column":null}},"18":{"start":{"line":63,"column":4},"end":{"line":63,"column":null}},"19":{"start":{"line":24,"column":13},"end":{"line":24,"column":null}},"20":{"start":{"line":24,"column":18},"end":{"line":29,"column":null}},"21":{"start":{"line":24,"column":13},"end":{"line":20,"column":null}}},"fnMap":{"0":{"name":"ngOnInit","decl":{"start":{"line":33,"column":2},"end":{"line":33,"column":10}},"loc":{"start":{"line":33,"column":10},"end":{"line":38,"column":null}},"line":33},"1":{"name":"form","decl":{"start":{"line":40,"column":6},"end":{"line":40,"column":10}},"loc":{"start":{"line":40,"column":10},"end":{"line":42,"column":null}},"line":40},"2":{"name":"onSubmit","decl":{"start":{"line":44,"column":2},"end":{"line":44,"column":10}},"loc":{"start":{"line":44,"column":10},"end":{"line":59,"column":null}},"line":44},"3":{"name":"(anonymous_3)","decl":{"start":{"line":56,"column":14},"end":{"line":56,"column":20}},"loc":{"start":{"line":56,"column":20},"end":{"line":56,"column":null}},"line":56},"4":{"name":"(anonymous_4)","decl":{"start":{"line":57,"column":15},"end":{"line":57,"column":16}},"loc":{"start":{"line":57,"column":24},"end":{"line":57,"column":null}},"line":57},"5":{"name":"onReset","decl":{"start":{"line":61,"column":2},"end":{"line":61,"column":9}},"loc":{"start":{"line":61,"column":9},"end":{"line":64,"column":null}},"line":61},"6":{"name":"template","decl":{"start":{"line":24,"column":18},"end":{"line":24,"column":null}},"loc":{"start":{"line":24,"column":18},"end":{"line":20,"column":26}},"line":24}},"branchMap":{"0":{"loc":{"start":{"line":46,"column":4},"end":{"line":48,"column":null}},"type":"if","locations":[{"start":{"line":46,"column":4},"end":{"line":48,"column":null}},{"start":{},"end":{}}],"line":46},"1":{"loc":{"start":{"line":24,"column":13},"end":{"line":24,"column":18}},"type":"binary-expr","locations":[{"start":{"line":24,"column":13},"end":{"line":24,"column":18}},{"start":{"line":24,"column":13},"end":{"line":24,"column":18}}],"line":24},"2":{"loc":{"start":{"line":24,"column":18},"end":{"line":29,"column":null}},"type":"if","locations":[{"start":{"line":24,"column":18},"end":{"line":29,"column":null}},{"start":{},"end":{}}],"line":24},"3":{"loc":{"start":{"line":24,"column":13},"end":{"line":20,"column":null}},"type":"binary-expr","locations":[{"start":{"line":24,"column":13},"end":{"line":24,"column":18}},{"start":{"line":24,"column":13},"end":{"line":24,"column":18}},{"start":{"line":24,"column":13},"end":{"line":20,"column":null}}],"line":24},"4":{"loc":{"start":{"line":24,"column":13},"end":{"line":24,"column":null}},"type":"binary-expr","locations":[{"start":{"line":24,"column":13},"end":{"line":24,"column":18}},{"start":{"line":24,"column":13},"end":{"line":24,"column":18}},{"start":{"line":24,"column":13},"end":{"line":24,"column":null}}],"line":24}},"s":{"0":1,"1":4,"2":4,"3":4,"4":4,"5":4,"6":4,"7":1,"8":4,"9":0,"10":3,"11":3,"12":1,"13":2,"14":3,"15":1,"16":1,"17":0,"18":0,"19":1,"20":12,"21":1},"f":{"0":4,"1":0,"2":3,"3":1,"4":1,"5":0,"6":1},"b":{"0":[1,2],"1":[4,4],"2":[4,8],"3":[1,1,1],"4":[1,1,1]},"meta":{"lastBranch":5,"lastFunction":7,"lastStatement":22,"seen":{"s:24:6:20:58":0,"s:26:10:26:Infinity":1,"s:27:10:27:Infinity":2,"s:28:10:28:Infinity":3,"s:29:10:29:Infinity":4,"s:30:25:30:Infinity":5,"s:31:23:31:Infinity":6,"s:24:13:20:58":7,"f:33:2:33:10":0,"s:34:4:37:Infinity":8,"f:40:6:40:10":1,"s:41:4:41:Infinity":9,"f:44:2:44:10":2,"s:45:4:45:Infinity":10,"b:46:4:48:Infinity:undefined:undefined:undefined:undefined":0,"s:46:4:48:Infinity":11,"s:47:6:47:Infinity":12,"s:49:36:51:Infinity":13,"s:53:4:58:Infinity":14,"f:56:14:56:20":3,"s:56:20:56:Infinity":15,"f:57:15:57:16":4,"s:57:24:57:Infinity":16,"f:61:2:61:9":5,"s:62:4:62:Infinity":17,"s:63:4:63:Infinity":18,"s:24:13:24:Infinity":19,"b:24:13:24:18:24:13:24:18":1,"f:24:18:24:Infinity":6,"b:24:18:29:Infinity:undefined:undefined:undefined:undefined":2,"s:24:18:29:Infinity":20,"s:24:13:20:Infinity":21,"b:24:13:24:18:24:13:24:18:24:13:20:Infinity":3,"b:24:13:24:18:24:13:24:18:24:13:24:Infinity":4}}}
,"/home/jarod/Bureau/frontend-datashare/src/app/pages/register/register.html": {"path":"/home/jarod/Bureau/frontend-datashare/src/app/pages/register/register.html","statementMap":{"0":{"start":{"line":1,"column":0},"end":{"line":2,"column":null}},"1":{"start":{"line":3,"column":23},"end":{"line":3,"column":32}},"2":{"start":{"line":3,"column":32},"end":{"line":3,"column":null}},"3":{"start":{"line":4,"column":4},"end":{"line":4,"column":50}},"4":{"start":{"line":4,"column":50},"end":{"line":4,"column":62}},"5":{"start":{"line":4,"column":62},"end":{"line":5,"column":null}},"6":{"start":{"line":8,"column":0},"end":{"line":10,"column":null}},"7":{"start":{"line":11,"column":29},"end":{"line":11,"column":44}},"8":{"start":{"line":11,"column":44},"end":{"line":11,"column":null}},"9":{"start":{"line":13,"column":6},"end":{"line":13,"column":12}},"10":{"start":{"line":13,"column":39},"end":{"line":13,"column":null}},"11":{"start":{"line":13,"column":39},"end":{"line":13,"column":61}},"12":{"start":{"line":14,"column":8},"end":{"line":14,"column":null}},"13":{"start":{"line":15,"column":29},"end":{"line":15,"column":34}},"14":{"start":{"line":15,"column":34},"end":{"line":15,"column":null}},"15":{"start":{"line":16,"column":10},"end":{"line":16,"column":null}},"16":{"start":{"line":17,"column":8},"end":{"line":17,"column":null}},"17":{"start":{"line":19,"column":8},"end":{"line":19,"column":null}},"18":{"start":{"line":20,"column":32},"end":{"line":20,"column":44}},"19":{"start":{"line":20,"column":44},"end":{"line":20,"column":null}},"20":{"start":{"line":21,"column":10},"end":{"line":21,"column":null}},"21":{"start":{"line":22,"column":8},"end":{"line":22,"column":null}},"22":{"start":{"line":24,"column":8},"end":{"line":24,"column":null}},"23":{"start":{"line":25,"column":31},"end":{"line":25,"column":59}},"24":{"start":{"line":25,"column":59},"end":{"line":25,"column":null}},"25":{"start":{"line":26,"column":10},"end":{"line":26,"column":null}},"26":{"start":{"line":27,"column":8},"end":{"line":27,"column":null}},"27":{"start":{"line":29,"column":8},"end":{"line":29,"column":44}},"28":{"start":{"line":29,"column":44},"end":{"line":29,"column":63}},"29":{"start":{"line":29,"column":63},"end":{"line":29,"column":null}},"30":{"start":{"line":31,"column":8},"end":{"line":31,"column":49}},"31":{"start":{"line":31,"column":49},"end":{"line":31,"column":65}},"32":{"start":{"line":31,"column":65},"end":{"line":34,"column":null}},"33":{"start":{"line":13,"column":12},"end":{"line":13,"column":39}}},"fnMap":{"0":{"name":"Register_Template_form_ngSubmit_11_listener","decl":{"start":{"line":13,"column":39},"end":{"line":13,"column":51}},"loc":{"start":{"line":13,"column":39},"end":{"line":13,"column":null}},"line":13}},"branchMap":{},"s":{"0":4,"1":4,"2":4,"3":4,"4":4,"5":4,"6":4,"7":4,"8":4,"9":4,"10":4,"11":0,"12":4,"13":4,"14":4,"15":4,"16":4,"17":4,"18":4,"19":4,"20":4,"21":4,"22":4,"23":4,"24":4,"25":4,"26":4,"27":4,"28":4,"29":4,"30":4,"31":4,"32":4,"33":8},"f":{"0":0},"b":{},"meta":{"lastBranch":0,"lastFunction":1,"lastStatement":34,"seen":{"s:1:0:2:Infinity":0,"s:3:23:3:32":1,"s:3:32:3:Infinity":2,"s:4:4:4:50":3,"s:4:50:4:62":4,"s:4:62:5:Infinity":5,"s:8:0:10:Infinity":6,"s:11:29:11:44":7,"s:11:44:11:Infinity":8,"s:13:6:13:12":9,"s:13:39:13:Infinity":10,"f:13:39:13:51":0,"s:13:39:13:61":11,"s:14:8:14:Infinity":12,"s:15:29:15:34":13,"s:15:34:15:Infinity":14,"s:16:10:16:Infinity":15,"s:17:8:17:Infinity":16,"s:19:8:19:Infinity":17,"s:20:32:20:44":18,"s:20:44:20:Infinity":19,"s:21:10:21:Infinity":20,"s:22:8:22:Infinity":21,"s:24:8:24:Infinity":22,"s:25:31:25:59":23,"s:25:59:25:Infinity":24,"s:26:10:26:Infinity":25,"s:27:8:27:Infinity":26,"s:29:8:29:44":27,"s:29:44:29:63":28,"s:29:63:29:Infinity":29,"s:31:8:31:49":30,"s:31:49:31:65":31,"s:31:65:34:Infinity":32,"s:13:12:13:39":33}}}
,"/home/jarod/Bureau/frontend-datashare/src/app/pages/register/register.ts": {"path":"/home/jarod/Bureau/frontend-datashare/src/app/pages/register/register.ts","statementMap":{"0":{"start":{"line":22,"column":6},"end":{"line":18,"column":58}},"1":{"start":{"line":24,"column":10},"end":{"line":24,"column":null}},"2":{"start":{"line":25,"column":10},"end":{"line":25,"column":null}},"3":{"start":{"line":26,"column":10},"end":{"line":26,"column":null}},"4":{"start":{"line":27,"column":10},"end":{"line":27,"column":null}},"5":{"start":{"line":28,"column":28},"end":{"line":28,"column":null}},"6":{"start":{"line":29,"column":23},"end":{"line":29,"column":null}},"7":{"start":{"line":22,"column":13},"end":{"line":18,"column":58}},"8":{"start":{"line":32,"column":4},"end":{"line":36,"column":null}},"9":{"start":{"line":41,"column":4},"end":{"line":41,"column":null}},"10":{"start":{"line":45,"column":4},"end":{"line":45,"column":null}},"11":{"start":{"line":46,"column":4},"end":{"line":48,"column":null}},"12":{"start":{"line":47,"column":6},"end":{"line":47,"column":null}},"13":{"start":{"line":49,"column":42},"end":{"line":51,"column":null}},"14":{"start":{"line":53,"column":4},"end":{"line":58,"column":null}},"15":{"start":{"line":56,"column":20},"end":{"line":56,"column":null}},"16":{"start":{"line":57,"column":24},"end":{"line":57,"column":null}},"17":{"start":{"line":62,"column":4},"end":{"line":62,"column":null}},"18":{"start":{"line":63,"column":4},"end":{"line":63,"column":null}},"19":{"start":{"line":22,"column":13},"end":{"line":22,"column":null}},"20":{"start":{"line":22,"column":21},"end":{"line":34,"column":null}},"21":{"start":{"line":22,"column":13},"end":{"line":18,"column":null}}},"fnMap":{"0":{"name":"ngOnInit","decl":{"start":{"line":31,"column":2},"end":{"line":31,"column":10}},"loc":{"start":{"line":31,"column":10},"end":{"line":38,"column":null}},"line":31},"1":{"name":"form","decl":{"start":{"line":40,"column":6},"end":{"line":40,"column":10}},"loc":{"start":{"line":40,"column":10},"end":{"line":42,"column":null}},"line":40},"2":{"name":"onSubmit","decl":{"start":{"line":44,"column":2},"end":{"line":44,"column":10}},"loc":{"start":{"line":44,"column":10},"end":{"line":59,"column":null}},"line":44},"3":{"name":"(anonymous_3)","decl":{"start":{"line":56,"column":14},"end":{"line":56,"column":20}},"loc":{"start":{"line":56,"column":20},"end":{"line":56,"column":null}},"line":56},"4":{"name":"(anonymous_4)","decl":{"start":{"line":57,"column":15},"end":{"line":57,"column":16}},"loc":{"start":{"line":57,"column":24},"end":{"line":57,"column":null}},"line":57},"5":{"name":"onReset","decl":{"start":{"line":61,"column":2},"end":{"line":61,"column":9}},"loc":{"start":{"line":61,"column":9},"end":{"line":64,"column":null}},"line":61},"6":{"name":"template","decl":{"start":{"line":22,"column":21},"end":{"line":22,"column":null}},"loc":{"start":{"line":22,"column":21},"end":{"line":18,"column":26}},"line":22}},"branchMap":{"0":{"loc":{"start":{"line":46,"column":4},"end":{"line":48,"column":null}},"type":"if","locations":[{"start":{"line":46,"column":4},"end":{"line":48,"column":null}},{"start":{},"end":{}}],"line":46},"1":{"loc":{"start":{"line":22,"column":13},"end":{"line":22,"column":21}},"type":"binary-expr","locations":[{"start":{"line":22,"column":13},"end":{"line":22,"column":21}},{"start":{"line":22,"column":13},"end":{"line":22,"column":21}}],"line":22},"2":{"loc":{"start":{"line":22,"column":21},"end":{"line":34,"column":null}},"type":"if","locations":[{"start":{"line":22,"column":21},"end":{"line":34,"column":null}},{"start":{},"end":{}}],"line":22},"3":{"loc":{"start":{"line":22,"column":13},"end":{"line":18,"column":null}},"type":"binary-expr","locations":[{"start":{"line":22,"column":13},"end":{"line":22,"column":21}},{"start":{"line":22,"column":13},"end":{"line":22,"column":21}},{"start":{"line":22,"column":13},"end":{"line":18,"column":null}}],"line":22},"4":{"loc":{"start":{"line":22,"column":13},"end":{"line":22,"column":null}},"type":"binary-expr","locations":[{"start":{"line":22,"column":13},"end":{"line":22,"column":21}},{"start":{"line":22,"column":13},"end":{"line":22,"column":21}},{"start":{"line":22,"column":13},"end":{"line":22,"column":null}}],"line":22}},"s":{"0":1,"1":4,"2":4,"3":4,"4":4,"5":4,"6":4,"7":1,"8":4,"9":0,"10":3,"11":3,"12":1,"13":2,"14":3,"15":1,"16":1,"17":0,"18":0,"19":1,"20":12,"21":1},"f":{"0":4,"1":0,"2":3,"3":1,"4":1,"5":0,"6":1},"b":{"0":[1,2],"1":[4,4],"2":[4,8],"3":[1,1,1],"4":[1,1,1]},"meta":{"lastBranch":5,"lastFunction":7,"lastStatement":22,"seen":{"s:22:6:18:58":0,"s:24:10:24:Infinity":1,"s:25:10:25:Infinity":2,"s:26:10:26:Infinity":3,"s:27:10:27:Infinity":4,"s:28:28:28:Infinity":5,"s:29:23:29:Infinity":6,"s:22:13:18:58":7,"f:31:2:31:10":0,"s:32:4:36:Infinity":8,"f:40:6:40:10":1,"s:41:4:41:Infinity":9,"f:44:2:44:10":2,"s:45:4:45:Infinity":10,"b:46:4:48:Infinity:undefined:undefined:undefined:undefined":0,"s:46:4:48:Infinity":11,"s:47:6:47:Infinity":12,"s:49:42:51:Infinity":13,"s:53:4:58:Infinity":14,"f:56:14:56:20":3,"s:56:20:56:Infinity":15,"f:57:15:57:16":4,"s:57:24:57:Infinity":16,"f:61:2:61:9":5,"s:62:4:62:Infinity":17,"s:63:4:63:Infinity":18,"s:22:13:22:Infinity":19,"b:22:13:22:21:22:13:22:21":1,"f:22:21:22:Infinity":6,"b:22:21:34:Infinity:undefined:undefined:undefined:undefined":2,"s:22:21:34:Infinity":20,"s:22:13:18:Infinity":21,"b:22:13:22:21:22:13:22:21:22:13:18:Infinity":3,"b:22:13:22:21:22:13:22:21:22:13:22:Infinity":4}}}
,"/home/jarod/Bureau/frontend-datashare/src/app/pages/upload/upload.html": {"path":"/home/jarod/Bureau/frontend-datashare/src/app/pages/upload/upload.html","statementMap":{"0":{"start":{"line":5,"column":6},"end":{"line":5,"column":54}},"1":{"start":{"line":5,"column":54},"end":{"line":5,"column":64}},"2":{"start":{"line":5,"column":64},"end":{"line":5,"column":null}},"3":{"start":{"line":7,"column":6},"end":{"line":7,"column":52}},"4":{"start":{"line":7,"column":52},"end":{"line":7,"column":64}},"5":{"start":{"line":7,"column":64},"end":{"line":7,"column":null}},"6":{"start":{"line":17,"column":6},"end":{"line":17,"column":null}},"7":{"start":{"line":18,"column":31},"end":{"line":18,"column":60}},"8":{"start":{"line":18,"column":60},"end":{"line":18,"column":null}},"9":{"start":{"line":19,"column":8},"end":{"line":19,"column":35}},"10":{"start":{"line":19,"column":35},"end":{"line":19,"column":null}},"11":{"start":{"line":19,"column":35},"end":{"line":19,"column":44}},"12":{"start":{"line":20,"column":10},"end":{"line":20,"column":null}},"13":{"start":{"line":21,"column":8},"end":{"line":21,"column":null}},"14":{"start":{"line":22,"column":8},"end":{"line":22,"column":42}},"15":{"start":{"line":22,"column":42},"end":{"line":22,"column":96}},"16":{"start":{"line":22,"column":42},"end":{"line":22,"column":52}},"17":{"start":{"line":22,"column":8},"end":{"line":22,"column":null}},"18":{"start":{"line":28,"column":6},"end":{"line":28,"column":null}},"19":{"start":{"line":29,"column":31},"end":{"line":29,"column":49}},"20":{"start":{"line":29,"column":49},"end":{"line":29,"column":null}},"21":{"start":{"line":31,"column":8},"end":{"line":31,"column":null}},"22":{"start":{"line":33,"column":12},"end":{"line":33,"column":null}},"23":{"start":{"line":34,"column":12},"end":{"line":34,"column":null}},"24":{"start":{"line":35,"column":38},"end":{"line":35,"column":61}},"25":{"start":{"line":35,"column":61},"end":{"line":35,"column":null}},"26":{"start":{"line":36,"column":14},"end":{"line":36,"column":38}},"27":{"start":{"line":36,"column":38},"end":{"line":36,"column":91}},"28":{"start":{"line":36,"column":91},"end":{"line":37,"column":null}},"29":{"start":{"line":39,"column":10},"end":{"line":39,"column":null}},"30":{"start":{"line":40,"column":12},"end":{"line":40,"column":null}},"31":{"start":{"line":41,"column":12},"end":{"line":41,"column":53}},"32":{"start":{"line":41,"column":53},"end":{"line":41,"column":96}},"33":{"start":{"line":41,"column":53},"end":{"line":41,"column":63}},"34":{"start":{"line":41,"column":12},"end":{"line":42,"column":null}},"35":{"start":{"line":45,"column":8},"end":{"line":45,"column":null}},"36":{"start":{"line":46,"column":17},"end":{"line":46,"column":27}},"37":{"start":{"line":46,"column":27},"end":{"line":46,"column":null}},"38":{"start":{"line":47,"column":10},"end":{"line":47,"column":null}},"39":{"start":{"line":48,"column":46},"end":{"line":48,"column":null}},"40":{"start":{"line":48,"column":46},"end":{"line":48,"column":56}},"41":{"start":{"line":49,"column":14},"end":{"line":49,"column":41}},"42":{"start":{"line":49,"column":41},"end":{"line":49,"column":52}},"43":{"start":{"line":49,"column":52},"end":{"line":49,"column":null}},"44":{"start":{"line":50,"column":14},"end":{"line":50,"column":32}},"45":{"start":{"line":50,"column":32},"end":{"line":50,"column":39}},"46":{"start":{"line":50,"column":39},"end":{"line":50,"column":null}},"47":{"start":{"line":51,"column":14},"end":{"line":51,"column":32}},"48":{"start":{"line":51,"column":32},"end":{"line":51,"column":39}},"49":{"start":{"line":51,"column":39},"end":{"line":51,"column":null}},"50":{"start":{"line":53,"column":12},"end":{"line":53,"column":null}},"51":{"start":{"line":54,"column":10},"end":{"line":54,"column":null}},"52":{"start":{"line":57,"column":8},"end":{"line":57,"column":35}},"53":{"start":{"line":57,"column":35},"end":{"line":57,"column":null}},"54":{"start":{"line":57,"column":35},"end":{"line":57,"column":44}},"55":{"start":{"line":58,"column":10},"end":{"line":58,"column":null}},"56":{"start":{"line":59,"column":10},"end":{"line":59,"column":null}},"57":{"start":{"line":60,"column":8},"end":{"line":60,"column":null}},"58":{"start":{"line":66,"column":6},"end":{"line":66,"column":null}},"59":{"start":{"line":67,"column":31},"end":{"line":67,"column":49}},"60":{"start":{"line":67,"column":49},"end":{"line":67,"column":null}},"61":{"start":{"line":69,"column":8},"end":{"line":69,"column":null}},"62":{"start":{"line":71,"column":12},"end":{"line":71,"column":null}},"63":{"start":{"line":72,"column":12},"end":{"line":72,"column":null}},"64":{"start":{"line":73,"column":38},"end":{"line":73,"column":62}},"65":{"start":{"line":73,"column":62},"end":{"line":73,"column":null}},"66":{"start":{"line":74,"column":14},"end":{"line":74,"column":38}},"67":{"start":{"line":74,"column":38},"end":{"line":74,"column":111}},"68":{"start":{"line":74,"column":111},"end":{"line":76,"column":null}},"69":{"start":{"line":79,"column":8},"end":{"line":79,"column":32}},"70":{"start":{"line":79,"column":32},"end":{"line":79,"column":104}},"71":{"start":{"line":79,"column":104},"end":{"line":79,"column":null}},"72":{"start":{"line":81,"column":8},"end":{"line":81,"column":null}},"73":{"start":{"line":83,"column":12},"end":{"line":83,"column":null}},"74":{"start":{"line":84,"column":10},"end":{"line":84,"column":null}},"75":{"start":{"line":87,"column":8},"end":{"line":87,"column":33}},"76":{"start":{"line":87,"column":33},"end":{"line":87,"column":null}},"77":{"start":{"line":87,"column":33},"end":{"line":87,"column":42}},"78":{"start":{"line":88,"column":10},"end":{"line":88,"column":63}},"79":{"start":{"line":88,"column":63},"end":{"line":88,"column":null}},"80":{"start":{"line":89,"column":8},"end":{"line":89,"column":null}},"81":{"start":{"line":82,"column":13},"end":{"line":82,"column":null}},"82":{"start":{"line":1,"column":0},"end":{"line":2,"column":null}},"83":{"start":{"line":3,"column":23},"end":{"line":3,"column":32}},"84":{"start":{"line":3,"column":32},"end":{"line":3,"column":null}},"85":{"start":{"line":4,"column":4},"end":{"line":4,"column":null}},"86":{"start":{"line":9,"column":2},"end":{"line":9,"column":null}},"87":{"start":{"line":12,"column":0},"end":{"line":12,"column":null}},"88":{"start":{"line":16,"column":4},"end":{"line":16,"column":null}},"89":{"start":{"line":27,"column":4},"end":{"line":27,"column":null}},"90":{"start":{"line":65,"column":4},"end":{"line":65,"column":null}},"91":{"start":{"line":93,"column":2},"end":{"line":93,"column":null}},"92":{"start":{"line":4,"column":4},"end":{"line":4,"column":22}}},"fnMap":{"0":{"name":"Upload_Conditional_8_Template_button_click_3_listener","decl":{"start":{"line":19,"column":35},"end":{"line":19,"column":44}},"loc":{"start":{"line":19,"column":35},"end":{"line":19,"column":null}},"line":19},"1":{"name":"Upload_Conditional_8_Template_input_change_5_listener","decl":{"start":{"line":22,"column":42},"end":{"line":22,"column":52}},"loc":{"start":{"line":22,"column":42},"end":{"line":22,"column":96}},"line":22},"2":{"name":"Upload_Conditional_9_Template_input_change_13_listener","decl":{"start":{"line":41,"column":53},"end":{"line":41,"column":63}},"loc":{"start":{"line":41,"column":53},"end":{"line":41,"column":96}},"line":41},"3":{"name":"Upload_Conditional_9_Template_select_change_18_listener","decl":{"start":{"line":48,"column":46},"end":{"line":48,"column":56}},"loc":{"start":{"line":48,"column":46},"end":{"line":48,"column":null}},"line":48},"4":{"name":"Upload_Conditional_9_Template_button_click_26_listener","decl":{"start":{"line":57,"column":35},"end":{"line":57,"column":44}},"loc":{"start":{"line":57,"column":35},"end":{"line":57,"column":null}},"line":57},"5":{"name":"Upload_Conditional_10_Template_button_click_16_listener","decl":{"start":{"line":87,"column":33},"end":{"line":87,"column":42}},"loc":{"start":{"line":87,"column":33},"end":{"line":87,"column":null}},"line":87}},"branchMap":{"0":{"loc":{"start":{"line":59,"column":10},"end":{"line":59,"column":null}},"type":"cond-expr","locations":[{"start":{"line":59,"column":10},"end":{"line":59,"column":null}},{"start":{"line":59,"column":10},"end":{"line":59,"column":null}}],"line":59},"1":{"loc":{"start":{"line":73,"column":38},"end":{"line":73,"column":62}},"type":"cond-expr","locations":[{"start":{"line":73,"column":38},"end":{"line":73,"column":62}},{"start":{"line":73,"column":38},"end":{"line":73,"column":62}}],"line":73},"2":{"loc":{"start":{"line":74,"column":38},"end":{"line":74,"column":111}},"type":"cond-expr","locations":[{"start":{"line":74,"column":38},"end":{"line":74,"column":111}},{"start":{"line":74,"column":38},"end":{"line":74,"column":111}}],"line":74},"3":{"loc":{"start":{"line":4,"column":4},"end":{"line":4,"column":22}},"type":"cond-expr","locations":[{"start":{"line":4,"column":4},"end":{"line":4,"column":22}},{"start":{"line":4,"column":4},"end":{"line":4,"column":22}}],"line":4},"4":{"loc":{"start":{"line":16,"column":4},"end":{"line":16,"column":null}},"type":"cond-expr","locations":[{"start":{"line":16,"column":4},"end":{"line":16,"column":null}},{"start":{"line":16,"column":4},"end":{"line":16,"column":null}}],"line":16},"5":{"loc":{"start":{"line":27,"column":4},"end":{"line":27,"column":null}},"type":"cond-expr","locations":[{"start":{"line":27,"column":4},"end":{"line":27,"column":null}},{"start":{"line":27,"column":4},"end":{"line":27,"column":null}}],"line":27},"6":{"loc":{"start":{"line":65,"column":4},"end":{"line":65,"column":null}},"type":"cond-expr","locations":[{"start":{"line":65,"column":4},"end":{"line":65,"column":null}},{"start":{"line":65,"column":4},"end":{"line":65,"column":null}}],"line":65}},"s":{"0":0,"1":0,"2":0,"3":5,"4":5,"5":5,"6":5,"7":5,"8":5,"9":5,"10":0,"11":0,"12":5,"13":5,"14":5,"15":0,"16":0,"17":5,"18":1,"19":1,"20":1,"21":1,"22":1,"23":1,"24":1,"25":1,"26":1,"27":1,"28":1,"29":1,"30":1,"31":1,"32":0,"33":0,"34":1,"35":1,"36":1,"37":1,"38":1,"39":0,"40":0,"41":1,"42":1,"43":1,"44":1,"45":1,"46":1,"47":1,"48":1,"49":1,"50":1,"51":1,"52":1,"53":0,"54":0,"55":1,"56":1,"57":1,"58":1,"59":1,"60":1,"61":1,"62":1,"63":1,"64":1,"65":1,"66":1,"67":1,"68":1,"69":1,"70":1,"71":1,"72":1,"73":1,"74":1,"75":1,"76":0,"77":0,"78":1,"79":1,"80":1,"81":1,"82":5,"83":5,"84":5,"85":5,"86":5,"87":5,"88":12,"89":12,"90":12,"91":5,"92":12},"f":{"0":0,"1":0,"2":0,"3":0,"4":0,"5":0},"b":{"0":[0,1],"1":[0,1],"2":[1,0],"3":[0,12],"4":[22,12],"5":[13,13],"6":[1,11]},"meta":{"lastBranch":7,"lastFunction":6,"lastStatement":93,"seen":{"s:5:6:5:54":0,"s:5:54:5:64":1,"s:5:64:5:Infinity":2,"s:7:6:7:52":3,"s:7:52:7:64":4,"s:7:64:7:Infinity":5,"s:17:6:17:Infinity":6,"s:18:31:18:60":7,"s:18:60:18:Infinity":8,"s:19:8:19:35":9,"s:19:35:19:Infinity":10,"f:19:35:19:44":0,"s:19:35:19:44":11,"s:20:10:20:Infinity":12,"s:21:8:21:Infinity":13,"s:22:8:22:42":14,"s:22:42:22:96":15,"f:22:42:22:52":1,"s:22:42:22:52":16,"s:22:8:22:Infinity":17,"s:28:6:28:Infinity":18,"s:29:31:29:49":19,"s:29:49:29:Infinity":20,"s:31:8:31:Infinity":21,"s:33:12:33:Infinity":22,"s:34:12:34:Infinity":23,"s:35:38:35:61":24,"s:35:61:35:Infinity":25,"s:36:14:36:38":26,"s:36:38:36:91":27,"s:36:91:37:Infinity":28,"s:39:10:39:Infinity":29,"s:40:12:40:Infinity":30,"s:41:12:41:53":31,"s:41:53:41:96":32,"f:41:53:41:63":2,"s:41:53:41:63":33,"s:41:12:42:Infinity":34,"s:45:8:45:Infinity":35,"s:46:17:46:27":36,"s:46:27:46:Infinity":37,"s:47:10:47:Infinity":38,"s:48:46:48:Infinity":39,"f:48:46:48:56":3,"s:48:46:48:56":40,"s:49:14:49:41":41,"s:49:41:49:52":42,"s:49:52:49:Infinity":43,"s:50:14:50:32":44,"s:50:32:50:39":45,"s:50:39:50:Infinity":46,"s:51:14:51:32":47,"s:51:32:51:39":48,"s:51:39:51:Infinity":49,"s:53:12:53:Infinity":50,"s:54:10:54:Infinity":51,"s:57:8:57:35":52,"s:57:35:57:Infinity":53,"f:57:35:57:44":4,"s:57:35:57:44":54,"s:58:10:58:Infinity":55,"s:59:10:59:Infinity":56,"s:60:8:60:Infinity":57,"b:59:10:59:Infinity:59:10:59:Infinity":0,"s:66:6:66:Infinity":58,"s:67:31:67:49":59,"s:67:49:67:Infinity":60,"s:69:8:69:Infinity":61,"s:71:12:71:Infinity":62,"s:72:12:72:Infinity":63,"s:73:38:73:62":64,"s:73:62:73:Infinity":65,"s:74:14:74:38":66,"s:74:38:74:111":67,"s:74:111:76:Infinity":68,"s:79:8:79:32":69,"s:79:32:79:104":70,"s:79:104:79:Infinity":71,"s:81:8:81:Infinity":72,"s:83:12:83:Infinity":73,"s:84:10:84:Infinity":74,"s:87:8:87:33":75,"s:87:33:87:Infinity":76,"f:87:33:87:42":5,"s:87:33:87:42":77,"s:88:10:88:63":78,"s:88:63:88:Infinity":79,"s:89:8:89:Infinity":80,"b:73:38:73:62:73:38:73:62":1,"b:74:38:74:111:74:38:74:111":2,"s:82:13:82:Infinity":81,"s:1:0:2:Infinity":82,"s:3:23:3:32":83,"s:3:32:3:Infinity":84,"s:4:4:4:Infinity":85,"s:9:2:9:Infinity":86,"s:12:0:12:Infinity":87,"s:16:4:16:Infinity":88,"s:27:4:27:Infinity":89,"s:65:4:65:Infinity":90,"s:93:2:93:Infinity":91,"s:4:4:4:22":92,"b:4:4:4:22:4:4:4:22":3,"b:16:4:16:Infinity:16:4:16:Infinity":4,"b:27:4:27:Infinity:27:4:27:Infinity":5,"b:65:4:65:Infinity:65:4:65:Infinity":6}}}
,"/home/jarod/Bureau/frontend-datashare/src/app/pages/upload/upload.ts": {"path":"/home/jarod/Bureau/frontend-datashare/src/app/pages/upload/upload.ts","statementMap":{"0":{"start":{"line":14,"column":6},"end":{"line":10,"column":37}},"1":{"start":{"line":16,"column":10},"end":{"line":16,"column":null}},"2":{"start":{"line":17,"column":10},"end":{"line":17,"column":null}},"3":{"start":{"line":18,"column":10},"end":{"line":18,"column":null}},"4":{"start":{"line":19,"column":10},"end":{"line":19,"column":null}},"5":{"start":{"line":23,"column":15},"end":{"line":23,"column":null}},"6":{"start":{"line":25,"column":30},"end":{"line":25,"column":null}},"7":{"start":{"line":26,"column":27},"end":{"line":26,"column":null}},"8":{"start":{"line":27,"column":31},"end":{"line":27,"column":null}},"9":{"start":{"line":28,"column":33},"end":{"line":28,"column":null}},"10":{"start":{"line":29,"column":27},"end":{"line":29,"column":null}},"11":{"start":{"line":30,"column":25},"end":{"line":30,"column":null}},"12":{"start":{"line":14,"column":13},"end":{"line":10,"column":37}},"13":{"start":{"line":33,"column":4},"end":{"line":33,"column":null}},"14":{"start":{"line":37,"column":18},"end":{"line":37,"column":null}},"15":{"start":{"line":38,"column":4},"end":{"line":40,"column":null}},"16":{"start":{"line":39,"column":6},"end":{"line":39,"column":null}},"17":{"start":{"line":44,"column":19},"end":{"line":44,"column":null}},"18":{"start":{"line":45,"column":4},"end":{"line":45,"column":null}},"19":{"start":{"line":49,"column":4},"end":{"line":51,"column":null}},"20":{"start":{"line":50,"column":6},"end":{"line":50,"column":null}},"21":{"start":{"line":53,"column":4},"end":{"line":53,"column":null}},"22":{"start":{"line":55,"column":27},"end":{"line":55,"column":null}},"23":{"start":{"line":56,"column":4},"end":{"line":56,"column":null}},"24":{"start":{"line":58,"column":26},"end":{"line":58,"column":null}},"25":{"start":{"line":60,"column":21},"end":{"line":63,"column":null}},"26":{"start":{"line":66,"column":4},"end":{"line":82,"column":null}},"27":{"start":{"line":70,"column":10},"end":{"line":70,"column":null}},"28":{"start":{"line":71,"column":10},"end":{"line":71,"column":null}},"29":{"start":{"line":72,"column":10},"end":{"line":72,"column":null}},"30":{"start":{"line":73,"column":10},"end":{"line":73,"column":null}},"31":{"start":{"line":74,"column":10},"end":{"line":74,"column":null}},"32":{"start":{"line":77,"column":10},"end":{"line":77,"column":null}},"33":{"start":{"line":78,"column":10},"end":{"line":78,"column":null}},"34":{"start":{"line":79,"column":10},"end":{"line":79,"column":null}},"35":{"start":{"line":80,"column":10},"end":{"line":80,"column":null}},"36":{"start":{"line":86,"column":17},"end":{"line":86,"column":null}},"37":{"start":{"line":87,"column":4},"end":{"line":87,"column":null}},"38":{"start":{"line":14,"column":13},"end":{"line":14,"column":null}},"39":{"start":{"line":14,"column":19},"end":{"line":14,"column":null}},"40":{"start":{"line":14,"column":13},"end":{"line":21,"column":26}}},"fnMap":{"0":{"name":"triggerFileInput","decl":{"start":{"line":32,"column":2},"end":{"line":32,"column":18}},"loc":{"start":{"line":32,"column":18},"end":{"line":34,"column":null}},"line":32},"1":{"name":"onFileSelected","decl":{"start":{"line":36,"column":2},"end":{"line":36,"column":17}},"loc":{"start":{"line":36,"column":29},"end":{"line":41,"column":null}},"line":36},"2":{"name":"onExpirationChange","decl":{"start":{"line":43,"column":2},"end":{"line":43,"column":21}},"loc":{"start":{"line":43,"column":33},"end":{"line":46,"column":null}},"line":43},"3":{"name":"onUpload","decl":{"start":{"line":48,"column":2},"end":{"line":48,"column":10}},"loc":{"start":{"line":48,"column":10},"end":{"line":83,"column":null}},"line":48},"4":{"name":"(anonymous_4)","decl":{"start":{"line":69,"column":14},"end":{"line":69,"column":15}},"loc":{"start":{"line":69,"column":27},"end":{"line":75,"column":null}},"line":69},"5":{"name":"(anonymous_5)","decl":{"start":{"line":76,"column":15},"end":{"line":76,"column":16}},"loc":{"start":{"line":76,"column":23},"end":{"line":81,"column":null}},"line":76},"6":{"name":"onCopyLink","decl":{"start":{"line":85,"column":2},"end":{"line":85,"column":12}},"loc":{"start":{"line":85,"column":12},"end":{"line":88,"column":null}},"line":85},"7":{"name":"viewQuery","decl":{"start":{"line":14,"column":19},"end":{"line":14,"column":null}},"loc":{"start":{"line":14,"column":19},"end":{"line":14,"column":null}},"line":14}},"branchMap":{"0":{"loc":{"start":{"line":38,"column":4},"end":{"line":40,"column":null}},"type":"if","locations":[{"start":{"line":38,"column":4},"end":{"line":40,"column":null}},{"start":{},"end":{}}],"line":38},"1":{"loc":{"start":{"line":38,"column":8},"end":{"line":38,"column":47}},"type":"binary-expr","locations":[{"start":{"line":38,"column":8},"end":{"line":38,"column":23}},{"start":{"line":38,"column":23},"end":{"line":38,"column":47}}],"line":38},"2":{"loc":{"start":{"line":49,"column":4},"end":{"line":51,"column":null}},"type":"if","locations":[{"start":{"line":49,"column":4},"end":{"line":51,"column":null}},{"start":{},"end":{}}],"line":49},"3":{"loc":{"start":{"line":49,"column":8},"end":{"line":49,"column":48}},"type":"binary-expr","locations":[{"start":{"line":49,"column":8},"end":{"line":49,"column":30}},{"start":{"line":49,"column":30},"end":{"line":49,"column":48}}],"line":49},"4":{"loc":{"start":{"line":14,"column":13},"end":{"line":14,"column":19}},"type":"binary-expr","locations":[{"start":{"line":14,"column":13},"end":{"line":14,"column":19}},{"start":{"line":14,"column":13},"end":{"line":14,"column":19}}],"line":14},"5":{"loc":{"start":{"line":14,"column":19},"end":{"line":14,"column":null}},"type":"if","locations":[{"start":{"line":14,"column":19},"end":{"line":14,"column":null}},{"start":{},"end":{}}],"line":14},"6":{"loc":{"start":{"line":14,"column":13},"end":{"line":21,"column":26}},"type":"binary-expr","locations":[{"start":{"line":14,"column":13},"end":{"line":14,"column":19}},{"start":{"line":14,"column":13},"end":{"line":14,"column":19}},{"start":{"line":14,"column":13},"end":{"line":21,"column":26}}],"line":14},"7":{"loc":{"start":{"line":14,"column":13},"end":{"line":14,"column":null}},"type":"binary-expr","locations":[{"start":{"line":14,"column":13},"end":{"line":14,"column":19}},{"start":{"line":14,"column":13},"end":{"line":14,"column":19}},{"start":{"line":14,"column":13},"end":{"line":14,"column":null}}],"line":14}},"s":{"0":1,"1":5,"2":5,"3":5,"4":5,"5":5,"6":5,"7":5,"8":5,"9":5,"10":5,"11":5,"12":1,"13":0,"14":1,"15":1,"16":1,"17":0,"18":0,"19":3,"20":1,"21":2,"22":2,"23":2,"24":2,"25":2,"26":2,"27":1,"28":1,"29":1,"30":1,"31":1,"32":1,"33":1,"34":1,"35":1,"36":0,"37":0,"38":1,"39":17,"40":1},"f":{"0":0,"1":1,"2":0,"3":3,"4":1,"5":1,"6":0,"7":1},"b":{"0":[1,0],"1":[1,1],"2":[1,2],"3":[3,2],"4":[5,5],"5":[5,12],"6":[1,1,1],"7":[1,1,1]},"meta":{"lastBranch":8,"lastFunction":8,"lastStatement":41,"seen":{"s:14:6:10:37":0,"s:16:10:16:Infinity":1,"s:17:10:17:Infinity":2,"s:18:10:18:Infinity":3,"s:19:10:19:Infinity":4,"s:23:15:23:Infinity":5,"s:25:30:25:Infinity":6,"s:26:27:26:Infinity":7,"s:27:31:27:Infinity":8,"s:28:33:28:Infinity":9,"s:29:27:29:Infinity":10,"s:30:25:30:Infinity":11,"s:14:13:10:37":12,"f:32:2:32:18":0,"s:33:4:33:Infinity":13,"f:36:2:36:17":1,"s:37:18:37:Infinity":14,"b:38:4:40:Infinity:undefined:undefined:undefined:undefined":0,"s:38:4:40:Infinity":15,"b:38:8:38:23:38:23:38:47":1,"s:39:6:39:Infinity":16,"f:43:2:43:21":2,"s:44:19:44:Infinity":17,"s:45:4:45:Infinity":18,"f:48:2:48:10":3,"b:49:4:51:Infinity:undefined:undefined:undefined:undefined":2,"s:49:4:51:Infinity":19,"b:49:8:49:30:49:30:49:48":3,"s:50:6:50:Infinity":20,"s:53:4:53:Infinity":21,"s:55:27:55:Infinity":22,"s:56:4:56:Infinity":23,"s:58:26:58:Infinity":24,"s:60:21:63:Infinity":25,"s:66:4:82:Infinity":26,"f:69:14:69:15":4,"s:70:10:70:Infinity":27,"s:71:10:71:Infinity":28,"s:72:10:72:Infinity":29,"s:73:10:73:Infinity":30,"s:74:10:74:Infinity":31,"f:76:15:76:16":5,"s:77:10:77:Infinity":32,"s:78:10:78:Infinity":33,"s:79:10:79:Infinity":34,"s:80:10:80:Infinity":35,"f:85:2:85:12":6,"s:86:17:86:Infinity":36,"s:87:4:87:Infinity":37,"s:14:13:14:Infinity":38,"b:14:13:14:19:14:13:14:19":4,"f:14:19:14:Infinity":7,"b:14:19:14:Infinity:undefined:undefined:undefined:undefined":5,"s:14:19:14:Infinity":39,"s:14:13:21:26":40,"b:14:13:14:19:14:13:14:19:14:13:21:26":6,"b:14:13:14:19:14:13:14:19:14:13:14:Infinity":7}}}
,"/home/jarod/Bureau/frontend-datashare/src/environments/environment.ts": {"path":"/home/jarod/Bureau/frontend-datashare/src/environments/environment.ts","statementMap":{"0":{"start":{"line":1,"column":27},"end":{"line":3,"column":null}}},"fnMap":{},"branchMap":{},"s":{"0":2},"f":{},"b":{},"meta":{"lastBranch":0,"lastFunction":0,"lastStatement":1,"seen":{"s:1:27:3:Infinity":0}}}
}
